{
  "stats": {
    "suites": 1,
    "tests": 8,
    "passes": 7,
    "pending": 0,
    "failures": 1,
    "start": "2026-04-01T14:37:42.217Z",
    "end": "2026-04-01T14:37:54.362Z",
    "duration": 12145,
    "testsRegistered": 8,
    "passPercent": 87.5,
    "pendingPercent": 0,
    "other": 0,
    "hasOther": false,
    "skipped": 0,
    "hasSkipped": false
  },
  "results": [
    {
      "uuid": "b4939942-067e-420a-a0cf-9641f60b2aa5",
      "title": "",
      "fullFile": "cypress/e2e/features/elementosBasicos.feature",
      "file": "cypress/e2e/features/elementosBasicos.feature",
      "beforeHooks": [],
      "afterHooks": [],
      "tests": [],
      "suites": [
        {
          "uuid": "88ddae6f-fa14-4f81-8669-2a5bf7022dbe",
          "title": "QA Playground - Elementos Básicos",
          "fullFile": "",
          "file": "",
          "beforeHooks": [],
          "afterHooks": [],
          "tests": [
            {
              "title": "CT-00 - Validação visualizar página inicial",
              "fullTitle": "QA Playground - Elementos Básicos CT-00 - Validação visualizar página inicial",
              "timedOut": null,
              "duration": 686,
              "state": "passed",
              "speed": "fast",
              "pass": true,
              "fail": false,
              "pending": false,
              "context": null,
              "code": "var _a2, _b2, _c2, _d, _e;\n(0, assertions_1.assert)(context.includedPickles[0].id === pickle.id, \"Included pickle stack is unsynchronized\");\nconst { remainingSteps, testCaseStartedId } = retrieveInternalSpecProperties();\ntaskTestCaseStarted(context, {\n  id: testCaseStartedId,\n  testCaseId,\n  attempt: attempt++,\n  timestamp: (0, messages_1.createTimestamp)()\n});\nwindow.testState = {\n  gherkinDocument,\n  pickles,\n  pickle\n};\nconst onAfterStep = (options) => {\n  var _a3, _b3, _c3;\n  const { testStepId, testStepResult } = options;\n  const end = (0, messages_1.createTimestamp)();\n  if (testStepResult.status === messages.TestStepResultStatus.PENDING || testStepResult.status === messages.TestStepResultStatus.SKIPPED) {\n    taskTestStepFinished(context, {\n      testStepId,\n      testCaseStartedId,\n      testStepResult,\n      timestamp: end\n    });\n    remainingSteps.shift();\n    for (const skippedStep of remainingSteps) {\n      const hookIdOrPickleStepId = (0, assertions_1.ensure)((_b3 = (_a3 = skippedStep.hook) === null || _a3 === void 0 ? void 0 : _a3.id) !== null && _b3 !== void 0 ? _b3 : (_c3 = skippedStep.pickleStep) === null || _c3 === void 0 ? void 0 : _c3.id, \"Expected a step to either be a hook or a pickleStep\");\n      const testStepId2 = getTestStepId({\n        context,\n        pickleId: pickle.id,\n        hookIdOrPickleStepId\n      });\n      taskTestStepStarted(context, {\n        testStepId: testStepId2,\n        testCaseStartedId,\n        timestamp: (0, messages_1.createTimestamp)()\n      });\n      taskTestStepFinished(context, {\n        testStepId: testStepId2,\n        testCaseStartedId,\n        testStepResult: {\n          status: messages.TestStepResultStatus.SKIPPED,\n          duration: {\n            seconds: 0,\n            nanos: 0\n          }\n        },\n        timestamp: (0, messages_1.createTimestamp)()\n      });\n    }\n    for (let i = 0, count = remainingSteps.length; i < count; i++) {\n      remainingSteps.pop();\n    }\n    cy.then(() => this.skip());\n  } else {\n    taskTestStepFinished(context, {\n      testStepId,\n      testCaseStartedId,\n      testStepResult,\n      timestamp: (0, messages_1.createTimestamp)()\n    });\n    remainingSteps.shift();\n  }\n};\nfor (const step of steps) {\n  if (step.hook) {\n    const hook = step.hook;\n    const testStepId = getTestStepId({\n      context,\n      pickleId: pickle.id,\n      hookIdOrPickleStepId: hook.id\n    });\n    cy.then(() => {\n      delete window.testState.pickleStep;\n      const start = (0, messages_1.createTimestamp)();\n      internalProperties.currentStepStartedAt = start;\n      taskTestStepStarted(context, {\n        testStepId,\n        testCaseStartedId,\n        timestamp: start\n      });\n      return cy.wrap(start, { log: false });\n    }).then((start) => {\n      const options = {\n        pickle,\n        gherkinDocument,\n        testCaseStartedId\n      };\n      return (0, cypress_1.runStepWithLogGroup)({\n        fn: dryRun ? noopFn : () => registry2.runCaseHook(this, hook, options),\n        keyword: hook.keyword,\n        text: createStepDescription(hook)\n      }).then(convertReturnValueToTestStepResultStatus).then((status) => {\n        return { start, status };\n      });\n    }).then(({ start, status }) => onAfterStep({\n      testStepResult: {\n        status,\n        duration: (0, messages_1.duration)(start, (0, messages_1.createTimestamp)())\n      },\n      testStepId\n    }));\n  } else if (step.pickleStep) {\n    const pickleStep = step.pickleStep;\n    const testStepId = getTestStepId({\n      context,\n      pickleId: pickle.id,\n      hookIdOrPickleStepId: pickleStep.id\n    });\n    const text = (0, assertions_1.ensure)(pickleStep.text, \"Expected pickle step to have a text\");\n    const scenarioStep = (0, assertions_1.ensure)(context.astIdsMap.get((0, assertions_1.ensure)((_a2 = pickleStep.astNodeIds) === null || _a2 === void 0 ? void 0 : _a2[0], \"Expected to find at least one astNodeId\")), `Expected to find scenario step associated with id = ${(_b2 = pickleStep.astNodeIds) === null || _b2 === void 0 ? void 0 : _b2[0]}`);\n    const argument = ((_c2 = pickleStep.argument) === null || _c2 === void 0 ? void 0 : _c2.dataTable) ? new data_table_1.default(pickleStep.argument.dataTable) : ((_e = (_d = pickleStep.argument) === null || _d === void 0 ? void 0 : _d.docString) === null || _e === void 0 ? void 0 : _e.content) ? pickleStep.argument.docString.content : void 0;\n    cy.then(() => {\n      window.testState.pickleStep = step.pickleStep;\n      const start = (0, messages_1.createTimestamp)();\n      internalProperties.currentStep = { pickleStep };\n      internalProperties.currentStepStartedAt = start;\n      taskTestStepStarted(context, {\n        testStepId,\n        testCaseStartedId,\n        timestamp: start\n      });\n      return cy.wrap(start, { log: false });\n    }).then((start) => {\n      const beforeStepHooks = registry2.resolveBeforeStepHooks(tags);\n      const afterStepHooks = registry2.resolveAfterStepHooks(tags);\n      const options = {\n        pickle,\n        pickleStep,\n        gherkinDocument,\n        testCaseStartedId,\n        testStepId\n      };\n      const beforeHooksChain = () => beforeStepHooks.reduce((chain, beforeStepHook) => {\n        return chain.then((results) => {\n          const start2 = (0, messages_1.createTimestamp)();\n          return (0, cypress_1.runStepWithLogGroup)({\n            keyword: \"BeforeStep\",\n            text: createStepDescription(beforeStepHook),\n            fn: dryRun ? noopFn : () => registry2.runStepHook(this, beforeStepHook, options)\n          }).then(convertReturnValueToTestStepResultStatus).then((status) => results.concat({\n            status,\n            duration: (0, messages_1.duration)(start2, (0, messages_1.createTimestamp)())\n          }));\n        });\n      }, cy.wrap([], { log: false }));\n      const afterStepHooksChain = () => afterStepHooks.reduce((chain, afterStepHook) => {\n        return chain.then((results) => {\n          const start2 = (0, messages_1.createTimestamp)();\n          return (0, cypress_1.runStepWithLogGroup)({\n            keyword: \"AfterStep\",\n            text: createStepDescription(afterStepHook),\n            fn: dryRun ? noopFn : () => registry2.runStepHook(this, afterStepHook, options)\n          }).then(convertReturnValueToTestStepResultStatus).then((status) => results.concat({\n            status,\n            duration: (0, messages_1.duration)(start2, (0, messages_1.createTimestamp)())\n          }));\n        });\n      }, cy.wrap([], {\n        log: false\n      }));\n      return beforeHooksChain().then((beforeStepHookResults) => {\n        return (0, cypress_1.runStepWithLogGroup)({\n          keyword: (0, assertions_1.ensure)(\"keyword\" in scenarioStep && scenarioStep.keyword, \"Expected to find a keyword in the scenario step\"),\n          argument,\n          text,\n          fn: () => {\n            var _a3, _b3;\n            try {\n              return registry2.runStepDefinition(this, text, dryRun, argument);\n            } catch (e) {\n              if (e instanceof registry_1.MissingDefinitionError || e instanceof registry_1.MultipleDefinitionsError) {\n                this.test._retries = this.test._currentRetry;\n              }\n              if (e instanceof registry_1.MissingDefinitionError) {\n                let parameterType = null;\n                if ((_a3 = pickleStep.argument) === null || _a3 === void 0 ? void 0 : _a3.dataTable) {\n                  parameterType = \"dataTable\";\n                } else if ((_b3 = pickleStep.argument) === null || _b3 === void 0 ? void 0 : _b3.docString) {\n                  parameterType = \"docString\";\n                }\n                const snippets = new cucumber_expressions_1.CucumberExpressionGenerator(() => context.registry.parameterTypeRegistry.parameterTypes).generateExpressions(pickleStep.text).map((expression) => (0, snippets_1.generateSnippet)(expression, (0, assertions_1.ensure)(pickleStep.type, \"Expected pickleStep to have a type\"), parameterType));\n                return taskSuggestion(context, {\n                  id: context.newId(),\n                  pickleStepId: pickleStep.id,\n                  snippets: snippets.map((code) => {\n                    return {\n                      language: \"javascript\",\n                      code\n                    };\n                  })\n                }).then(() => {\n                  throw new Error(createMissingStepDefinitionMessage(context, pickleStep, snippets));\n                });\n              } else {\n                throw e;\n              }\n            }\n          }\n        }).then(convertReturnValueToTestStepResultStatus).then((status) => {\n          const testStepResult = {\n            status,\n            duration: (0, messages_1.duration)(start, (0, messages_1.createTimestamp)())\n          };\n          return {\n            beforeStepHookResults,\n            testStepResult\n          };\n        });\n      }).then(({ beforeStepHookResults, testStepResult }) => {\n        return afterStepHooksChain().then((afterStepHookResults) => {\n          return messages.getWorstTestStepResult([\n            ...beforeStepHookResults,\n            testStepResult,\n            ...afterStepHookResults\n          ]);\n        });\n      });\n    }).then((testStepResult) => onAfterStep({ testStepResult, testStepId }));\n  }\n}",
              "err": {},
              "uuid": "251a8b4a-4148-42b1-8b51-9fff19b2235b",
              "parentUUID": "88ddae6f-fa14-4f81-8669-2a5bf7022dbe",
              "isHook": false,
              "skipped": false
            },
            {
              "title": "CT-01 - Interação com o botão Clique aqui",
              "fullTitle": "QA Playground - Elementos Básicos CT-01 - Interação com o botão Clique aqui",
              "timedOut": null,
              "duration": 2483,
              "state": "passed",
              "speed": "fast",
              "pass": true,
              "fail": false,
              "pending": false,
              "context": null,
              "code": "var _a2, _b2, _c2, _d, _e;\n(0, assertions_1.assert)(context.includedPickles[0].id === pickle.id, \"Included pickle stack is unsynchronized\");\nconst { remainingSteps, testCaseStartedId } = retrieveInternalSpecProperties();\ntaskTestCaseStarted(context, {\n  id: testCaseStartedId,\n  testCaseId,\n  attempt: attempt++,\n  timestamp: (0, messages_1.createTimestamp)()\n});\nwindow.testState = {\n  gherkinDocument,\n  pickles,\n  pickle\n};\nconst onAfterStep = (options) => {\n  var _a3, _b3, _c3;\n  const { testStepId, testStepResult } = options;\n  const end = (0, messages_1.createTimestamp)();\n  if (testStepResult.status === messages.TestStepResultStatus.PENDING || testStepResult.status === messages.TestStepResultStatus.SKIPPED) {\n    taskTestStepFinished(context, {\n      testStepId,\n      testCaseStartedId,\n      testStepResult,\n      timestamp: end\n    });\n    remainingSteps.shift();\n    for (const skippedStep of remainingSteps) {\n      const hookIdOrPickleStepId = (0, assertions_1.ensure)((_b3 = (_a3 = skippedStep.hook) === null || _a3 === void 0 ? void 0 : _a3.id) !== null && _b3 !== void 0 ? _b3 : (_c3 = skippedStep.pickleStep) === null || _c3 === void 0 ? void 0 : _c3.id, \"Expected a step to either be a hook or a pickleStep\");\n      const testStepId2 = getTestStepId({\n        context,\n        pickleId: pickle.id,\n        hookIdOrPickleStepId\n      });\n      taskTestStepStarted(context, {\n        testStepId: testStepId2,\n        testCaseStartedId,\n        timestamp: (0, messages_1.createTimestamp)()\n      });\n      taskTestStepFinished(context, {\n        testStepId: testStepId2,\n        testCaseStartedId,\n        testStepResult: {\n          status: messages.TestStepResultStatus.SKIPPED,\n          duration: {\n            seconds: 0,\n            nanos: 0\n          }\n        },\n        timestamp: (0, messages_1.createTimestamp)()\n      });\n    }\n    for (let i = 0, count = remainingSteps.length; i < count; i++) {\n      remainingSteps.pop();\n    }\n    cy.then(() => this.skip());\n  } else {\n    taskTestStepFinished(context, {\n      testStepId,\n      testCaseStartedId,\n      testStepResult,\n      timestamp: (0, messages_1.createTimestamp)()\n    });\n    remainingSteps.shift();\n  }\n};\nfor (const step of steps) {\n  if (step.hook) {\n    const hook = step.hook;\n    const testStepId = getTestStepId({\n      context,\n      pickleId: pickle.id,\n      hookIdOrPickleStepId: hook.id\n    });\n    cy.then(() => {\n      delete window.testState.pickleStep;\n      const start = (0, messages_1.createTimestamp)();\n      internalProperties.currentStepStartedAt = start;\n      taskTestStepStarted(context, {\n        testStepId,\n        testCaseStartedId,\n        timestamp: start\n      });\n      return cy.wrap(start, { log: false });\n    }).then((start) => {\n      const options = {\n        pickle,\n        gherkinDocument,\n        testCaseStartedId\n      };\n      return (0, cypress_1.runStepWithLogGroup)({\n        fn: dryRun ? noopFn : () => registry2.runCaseHook(this, hook, options),\n        keyword: hook.keyword,\n        text: createStepDescription(hook)\n      }).then(convertReturnValueToTestStepResultStatus).then((status) => {\n        return { start, status };\n      });\n    }).then(({ start, status }) => onAfterStep({\n      testStepResult: {\n        status,\n        duration: (0, messages_1.duration)(start, (0, messages_1.createTimestamp)())\n      },\n      testStepId\n    }));\n  } else if (step.pickleStep) {\n    const pickleStep = step.pickleStep;\n    const testStepId = getTestStepId({\n      context,\n      pickleId: pickle.id,\n      hookIdOrPickleStepId: pickleStep.id\n    });\n    const text = (0, assertions_1.ensure)(pickleStep.text, \"Expected pickle step to have a text\");\n    const scenarioStep = (0, assertions_1.ensure)(context.astIdsMap.get((0, assertions_1.ensure)((_a2 = pickleStep.astNodeIds) === null || _a2 === void 0 ? void 0 : _a2[0], \"Expected to find at least one astNodeId\")), `Expected to find scenario step associated with id = ${(_b2 = pickleStep.astNodeIds) === null || _b2 === void 0 ? void 0 : _b2[0]}`);\n    const argument = ((_c2 = pickleStep.argument) === null || _c2 === void 0 ? void 0 : _c2.dataTable) ? new data_table_1.default(pickleStep.argument.dataTable) : ((_e = (_d = pickleStep.argument) === null || _d === void 0 ? void 0 : _d.docString) === null || _e === void 0 ? void 0 : _e.content) ? pickleStep.argument.docString.content : void 0;\n    cy.then(() => {\n      window.testState.pickleStep = step.pickleStep;\n      const start = (0, messages_1.createTimestamp)();\n      internalProperties.currentStep = { pickleStep };\n      internalProperties.currentStepStartedAt = start;\n      taskTestStepStarted(context, {\n        testStepId,\n        testCaseStartedId,\n        timestamp: start\n      });\n      return cy.wrap(start, { log: false });\n    }).then((start) => {\n      const beforeStepHooks = registry2.resolveBeforeStepHooks(tags);\n      const afterStepHooks = registry2.resolveAfterStepHooks(tags);\n      const options = {\n        pickle,\n        pickleStep,\n        gherkinDocument,\n        testCaseStartedId,\n        testStepId\n      };\n      const beforeHooksChain = () => beforeStepHooks.reduce((chain, beforeStepHook) => {\n        return chain.then((results) => {\n          const start2 = (0, messages_1.createTimestamp)();\n          return (0, cypress_1.runStepWithLogGroup)({\n            keyword: \"BeforeStep\",\n            text: createStepDescription(beforeStepHook),\n            fn: dryRun ? noopFn : () => registry2.runStepHook(this, beforeStepHook, options)\n          }).then(convertReturnValueToTestStepResultStatus).then((status) => results.concat({\n            status,\n            duration: (0, messages_1.duration)(start2, (0, messages_1.createTimestamp)())\n          }));\n        });\n      }, cy.wrap([], { log: false }));\n      const afterStepHooksChain = () => afterStepHooks.reduce((chain, afterStepHook) => {\n        return chain.then((results) => {\n          const start2 = (0, messages_1.createTimestamp)();\n          return (0, cypress_1.runStepWithLogGroup)({\n            keyword: \"AfterStep\",\n            text: createStepDescription(afterStepHook),\n            fn: dryRun ? noopFn : () => registry2.runStepHook(this, afterStepHook, options)\n          }).then(convertReturnValueToTestStepResultStatus).then((status) => results.concat({\n            status,\n            duration: (0, messages_1.duration)(start2, (0, messages_1.createTimestamp)())\n          }));\n        });\n      }, cy.wrap([], {\n        log: false\n      }));\n      return beforeHooksChain().then((beforeStepHookResults) => {\n        return (0, cypress_1.runStepWithLogGroup)({\n          keyword: (0, assertions_1.ensure)(\"keyword\" in scenarioStep && scenarioStep.keyword, \"Expected to find a keyword in the scenario step\"),\n          argument,\n          text,\n          fn: () => {\n            var _a3, _b3;\n            try {\n              return registry2.runStepDefinition(this, text, dryRun, argument);\n            } catch (e) {\n              if (e instanceof registry_1.MissingDefinitionError || e instanceof registry_1.MultipleDefinitionsError) {\n                this.test._retries = this.test._currentRetry;\n              }\n              if (e instanceof registry_1.MissingDefinitionError) {\n                let parameterType = null;\n                if ((_a3 = pickleStep.argument) === null || _a3 === void 0 ? void 0 : _a3.dataTable) {\n                  parameterType = \"dataTable\";\n                } else if ((_b3 = pickleStep.argument) === null || _b3 === void 0 ? void 0 : _b3.docString) {\n                  parameterType = \"docString\";\n                }\n                const snippets = new cucumber_expressions_1.CucumberExpressionGenerator(() => context.registry.parameterTypeRegistry.parameterTypes).generateExpressions(pickleStep.text).map((expression) => (0, snippets_1.generateSnippet)(expression, (0, assertions_1.ensure)(pickleStep.type, \"Expected pickleStep to have a type\"), parameterType));\n                return taskSuggestion(context, {\n                  id: context.newId(),\n                  pickleStepId: pickleStep.id,\n                  snippets: snippets.map((code) => {\n                    return {\n                      language: \"javascript\",\n                      code\n                    };\n                  })\n                }).then(() => {\n                  throw new Error(createMissingStepDefinitionMessage(context, pickleStep, snippets));\n                });\n              } else {\n                throw e;\n              }\n            }\n          }\n        }).then(convertReturnValueToTestStepResultStatus).then((status) => {\n          const testStepResult = {\n            status,\n            duration: (0, messages_1.duration)(start, (0, messages_1.createTimestamp)())\n          };\n          return {\n            beforeStepHookResults,\n            testStepResult\n          };\n        });\n      }).then(({ beforeStepHookResults, testStepResult }) => {\n        return afterStepHooksChain().then((afterStepHookResults) => {\n          return messages.getWorstTestStepResult([\n            ...beforeStepHookResults,\n            testStepResult,\n            ...afterStepHookResults\n          ]);\n        });\n      });\n    }).then((testStepResult) => onAfterStep({ testStepResult, testStepId }));\n  }\n}",
              "err": {},
              "uuid": "4b94ecb6-f2fb-4643-a4d4-9f934e2d07ef",
              "parentUUID": "88ddae6f-fa14-4f81-8669-2a5bf7022dbe",
              "isHook": false,
              "skipped": false
            },
            {
              "title": "CT-02 - Interação com o botão Duplo Clique",
              "fullTitle": "QA Playground - Elementos Básicos CT-02 - Interação com o botão Duplo Clique",
              "timedOut": null,
              "duration": 501,
              "state": "passed",
              "speed": "fast",
              "pass": true,
              "fail": false,
              "pending": false,
              "context": null,
              "code": "var _a2, _b2, _c2, _d, _e;\n(0, assertions_1.assert)(context.includedPickles[0].id === pickle.id, \"Included pickle stack is unsynchronized\");\nconst { remainingSteps, testCaseStartedId } = retrieveInternalSpecProperties();\ntaskTestCaseStarted(context, {\n  id: testCaseStartedId,\n  testCaseId,\n  attempt: attempt++,\n  timestamp: (0, messages_1.createTimestamp)()\n});\nwindow.testState = {\n  gherkinDocument,\n  pickles,\n  pickle\n};\nconst onAfterStep = (options) => {\n  var _a3, _b3, _c3;\n  const { testStepId, testStepResult } = options;\n  const end = (0, messages_1.createTimestamp)();\n  if (testStepResult.status === messages.TestStepResultStatus.PENDING || testStepResult.status === messages.TestStepResultStatus.SKIPPED) {\n    taskTestStepFinished(context, {\n      testStepId,\n      testCaseStartedId,\n      testStepResult,\n      timestamp: end\n    });\n    remainingSteps.shift();\n    for (const skippedStep of remainingSteps) {\n      const hookIdOrPickleStepId = (0, assertions_1.ensure)((_b3 = (_a3 = skippedStep.hook) === null || _a3 === void 0 ? void 0 : _a3.id) !== null && _b3 !== void 0 ? _b3 : (_c3 = skippedStep.pickleStep) === null || _c3 === void 0 ? void 0 : _c3.id, \"Expected a step to either be a hook or a pickleStep\");\n      const testStepId2 = getTestStepId({\n        context,\n        pickleId: pickle.id,\n        hookIdOrPickleStepId\n      });\n      taskTestStepStarted(context, {\n        testStepId: testStepId2,\n        testCaseStartedId,\n        timestamp: (0, messages_1.createTimestamp)()\n      });\n      taskTestStepFinished(context, {\n        testStepId: testStepId2,\n        testCaseStartedId,\n        testStepResult: {\n          status: messages.TestStepResultStatus.SKIPPED,\n          duration: {\n            seconds: 0,\n            nanos: 0\n          }\n        },\n        timestamp: (0, messages_1.createTimestamp)()\n      });\n    }\n    for (let i = 0, count = remainingSteps.length; i < count; i++) {\n      remainingSteps.pop();\n    }\n    cy.then(() => this.skip());\n  } else {\n    taskTestStepFinished(context, {\n      testStepId,\n      testCaseStartedId,\n      testStepResult,\n      timestamp: (0, messages_1.createTimestamp)()\n    });\n    remainingSteps.shift();\n  }\n};\nfor (const step of steps) {\n  if (step.hook) {\n    const hook = step.hook;\n    const testStepId = getTestStepId({\n      context,\n      pickleId: pickle.id,\n      hookIdOrPickleStepId: hook.id\n    });\n    cy.then(() => {\n      delete window.testState.pickleStep;\n      const start = (0, messages_1.createTimestamp)();\n      internalProperties.currentStepStartedAt = start;\n      taskTestStepStarted(context, {\n        testStepId,\n        testCaseStartedId,\n        timestamp: start\n      });\n      return cy.wrap(start, { log: false });\n    }).then((start) => {\n      const options = {\n        pickle,\n        gherkinDocument,\n        testCaseStartedId\n      };\n      return (0, cypress_1.runStepWithLogGroup)({\n        fn: dryRun ? noopFn : () => registry2.runCaseHook(this, hook, options),\n        keyword: hook.keyword,\n        text: createStepDescription(hook)\n      }).then(convertReturnValueToTestStepResultStatus).then((status) => {\n        return { start, status };\n      });\n    }).then(({ start, status }) => onAfterStep({\n      testStepResult: {\n        status,\n        duration: (0, messages_1.duration)(start, (0, messages_1.createTimestamp)())\n      },\n      testStepId\n    }));\n  } else if (step.pickleStep) {\n    const pickleStep = step.pickleStep;\n    const testStepId = getTestStepId({\n      context,\n      pickleId: pickle.id,\n      hookIdOrPickleStepId: pickleStep.id\n    });\n    const text = (0, assertions_1.ensure)(pickleStep.text, \"Expected pickle step to have a text\");\n    const scenarioStep = (0, assertions_1.ensure)(context.astIdsMap.get((0, assertions_1.ensure)((_a2 = pickleStep.astNodeIds) === null || _a2 === void 0 ? void 0 : _a2[0], \"Expected to find at least one astNodeId\")), `Expected to find scenario step associated with id = ${(_b2 = pickleStep.astNodeIds) === null || _b2 === void 0 ? void 0 : _b2[0]}`);\n    const argument = ((_c2 = pickleStep.argument) === null || _c2 === void 0 ? void 0 : _c2.dataTable) ? new data_table_1.default(pickleStep.argument.dataTable) : ((_e = (_d = pickleStep.argument) === null || _d === void 0 ? void 0 : _d.docString) === null || _e === void 0 ? void 0 : _e.content) ? pickleStep.argument.docString.content : void 0;\n    cy.then(() => {\n      window.testState.pickleStep = step.pickleStep;\n      const start = (0, messages_1.createTimestamp)();\n      internalProperties.currentStep = { pickleStep };\n      internalProperties.currentStepStartedAt = start;\n      taskTestStepStarted(context, {\n        testStepId,\n        testCaseStartedId,\n        timestamp: start\n      });\n      return cy.wrap(start, { log: false });\n    }).then((start) => {\n      const beforeStepHooks = registry2.resolveBeforeStepHooks(tags);\n      const afterStepHooks = registry2.resolveAfterStepHooks(tags);\n      const options = {\n        pickle,\n        pickleStep,\n        gherkinDocument,\n        testCaseStartedId,\n        testStepId\n      };\n      const beforeHooksChain = () => beforeStepHooks.reduce((chain, beforeStepHook) => {\n        return chain.then((results) => {\n          const start2 = (0, messages_1.createTimestamp)();\n          return (0, cypress_1.runStepWithLogGroup)({\n            keyword: \"BeforeStep\",\n            text: createStepDescription(beforeStepHook),\n            fn: dryRun ? noopFn : () => registry2.runStepHook(this, beforeStepHook, options)\n          }).then(convertReturnValueToTestStepResultStatus).then((status) => results.concat({\n            status,\n            duration: (0, messages_1.duration)(start2, (0, messages_1.createTimestamp)())\n          }));\n        });\n      }, cy.wrap([], { log: false }));\n      const afterStepHooksChain = () => afterStepHooks.reduce((chain, afterStepHook) => {\n        return chain.then((results) => {\n          const start2 = (0, messages_1.createTimestamp)();\n          return (0, cypress_1.runStepWithLogGroup)({\n            keyword: \"AfterStep\",\n            text: createStepDescription(afterStepHook),\n            fn: dryRun ? noopFn : () => registry2.runStepHook(this, afterStepHook, options)\n          }).then(convertReturnValueToTestStepResultStatus).then((status) => results.concat({\n            status,\n            duration: (0, messages_1.duration)(start2, (0, messages_1.createTimestamp)())\n          }));\n        });\n      }, cy.wrap([], {\n        log: false\n      }));\n      return beforeHooksChain().then((beforeStepHookResults) => {\n        return (0, cypress_1.runStepWithLogGroup)({\n          keyword: (0, assertions_1.ensure)(\"keyword\" in scenarioStep && scenarioStep.keyword, \"Expected to find a keyword in the scenario step\"),\n          argument,\n          text,\n          fn: () => {\n            var _a3, _b3;\n            try {\n              return registry2.runStepDefinition(this, text, dryRun, argument);\n            } catch (e) {\n              if (e instanceof registry_1.MissingDefinitionError || e instanceof registry_1.MultipleDefinitionsError) {\n                this.test._retries = this.test._currentRetry;\n              }\n              if (e instanceof registry_1.MissingDefinitionError) {\n                let parameterType = null;\n                if ((_a3 = pickleStep.argument) === null || _a3 === void 0 ? void 0 : _a3.dataTable) {\n                  parameterType = \"dataTable\";\n                } else if ((_b3 = pickleStep.argument) === null || _b3 === void 0 ? void 0 : _b3.docString) {\n                  parameterType = \"docString\";\n                }\n                const snippets = new cucumber_expressions_1.CucumberExpressionGenerator(() => context.registry.parameterTypeRegistry.parameterTypes).generateExpressions(pickleStep.text).map((expression) => (0, snippets_1.generateSnippet)(expression, (0, assertions_1.ensure)(pickleStep.type, \"Expected pickleStep to have a type\"), parameterType));\n                return taskSuggestion(context, {\n                  id: context.newId(),\n                  pickleStepId: pickleStep.id,\n                  snippets: snippets.map((code) => {\n                    return {\n                      language: \"javascript\",\n                      code\n                    };\n                  })\n                }).then(() => {\n                  throw new Error(createMissingStepDefinitionMessage(context, pickleStep, snippets));\n                });\n              } else {\n                throw e;\n              }\n            }\n          }\n        }).then(convertReturnValueToTestStepResultStatus).then((status) => {\n          const testStepResult = {\n            status,\n            duration: (0, messages_1.duration)(start, (0, messages_1.createTimestamp)())\n          };\n          return {\n            beforeStepHookResults,\n            testStepResult\n          };\n        });\n      }).then(({ beforeStepHookResults, testStepResult }) => {\n        return afterStepHooksChain().then((afterStepHookResults) => {\n          return messages.getWorstTestStepResult([\n            ...beforeStepHookResults,\n            testStepResult,\n            ...afterStepHookResults\n          ]);\n        });\n      });\n    }).then((testStepResult) => onAfterStep({ testStepResult, testStepId }));\n  }\n}",
              "err": {},
              "uuid": "7ac2d01c-be11-4bed-9043-203f0c4afc92",
              "parentUUID": "88ddae6f-fa14-4f81-8669-2a5bf7022dbe",
              "isHook": false,
              "skipped": false
            },
            {
              "title": "CT-03 - Interação com o campo de texto",
              "fullTitle": "QA Playground - Elementos Básicos CT-03 - Interação com o campo de texto",
              "timedOut": null,
              "duration": 772,
              "state": "passed",
              "speed": "fast",
              "pass": true,
              "fail": false,
              "pending": false,
              "context": null,
              "code": "var _a2, _b2, _c2, _d, _e;\n(0, assertions_1.assert)(context.includedPickles[0].id === pickle.id, \"Included pickle stack is unsynchronized\");\nconst { remainingSteps, testCaseStartedId } = retrieveInternalSpecProperties();\ntaskTestCaseStarted(context, {\n  id: testCaseStartedId,\n  testCaseId,\n  attempt: attempt++,\n  timestamp: (0, messages_1.createTimestamp)()\n});\nwindow.testState = {\n  gherkinDocument,\n  pickles,\n  pickle\n};\nconst onAfterStep = (options) => {\n  var _a3, _b3, _c3;\n  const { testStepId, testStepResult } = options;\n  const end = (0, messages_1.createTimestamp)();\n  if (testStepResult.status === messages.TestStepResultStatus.PENDING || testStepResult.status === messages.TestStepResultStatus.SKIPPED) {\n    taskTestStepFinished(context, {\n      testStepId,\n      testCaseStartedId,\n      testStepResult,\n      timestamp: end\n    });\n    remainingSteps.shift();\n    for (const skippedStep of remainingSteps) {\n      const hookIdOrPickleStepId = (0, assertions_1.ensure)((_b3 = (_a3 = skippedStep.hook) === null || _a3 === void 0 ? void 0 : _a3.id) !== null && _b3 !== void 0 ? _b3 : (_c3 = skippedStep.pickleStep) === null || _c3 === void 0 ? void 0 : _c3.id, \"Expected a step to either be a hook or a pickleStep\");\n      const testStepId2 = getTestStepId({\n        context,\n        pickleId: pickle.id,\n        hookIdOrPickleStepId\n      });\n      taskTestStepStarted(context, {\n        testStepId: testStepId2,\n        testCaseStartedId,\n        timestamp: (0, messages_1.createTimestamp)()\n      });\n      taskTestStepFinished(context, {\n        testStepId: testStepId2,\n        testCaseStartedId,\n        testStepResult: {\n          status: messages.TestStepResultStatus.SKIPPED,\n          duration: {\n            seconds: 0,\n            nanos: 0\n          }\n        },\n        timestamp: (0, messages_1.createTimestamp)()\n      });\n    }\n    for (let i = 0, count = remainingSteps.length; i < count; i++) {\n      remainingSteps.pop();\n    }\n    cy.then(() => this.skip());\n  } else {\n    taskTestStepFinished(context, {\n      testStepId,\n      testCaseStartedId,\n      testStepResult,\n      timestamp: (0, messages_1.createTimestamp)()\n    });\n    remainingSteps.shift();\n  }\n};\nfor (const step of steps) {\n  if (step.hook) {\n    const hook = step.hook;\n    const testStepId = getTestStepId({\n      context,\n      pickleId: pickle.id,\n      hookIdOrPickleStepId: hook.id\n    });\n    cy.then(() => {\n      delete window.testState.pickleStep;\n      const start = (0, messages_1.createTimestamp)();\n      internalProperties.currentStepStartedAt = start;\n      taskTestStepStarted(context, {\n        testStepId,\n        testCaseStartedId,\n        timestamp: start\n      });\n      return cy.wrap(start, { log: false });\n    }).then((start) => {\n      const options = {\n        pickle,\n        gherkinDocument,\n        testCaseStartedId\n      };\n      return (0, cypress_1.runStepWithLogGroup)({\n        fn: dryRun ? noopFn : () => registry2.runCaseHook(this, hook, options),\n        keyword: hook.keyword,\n        text: createStepDescription(hook)\n      }).then(convertReturnValueToTestStepResultStatus).then((status) => {\n        return { start, status };\n      });\n    }).then(({ start, status }) => onAfterStep({\n      testStepResult: {\n        status,\n        duration: (0, messages_1.duration)(start, (0, messages_1.createTimestamp)())\n      },\n      testStepId\n    }));\n  } else if (step.pickleStep) {\n    const pickleStep = step.pickleStep;\n    const testStepId = getTestStepId({\n      context,\n      pickleId: pickle.id,\n      hookIdOrPickleStepId: pickleStep.id\n    });\n    const text = (0, assertions_1.ensure)(pickleStep.text, \"Expected pickle step to have a text\");\n    const scenarioStep = (0, assertions_1.ensure)(context.astIdsMap.get((0, assertions_1.ensure)((_a2 = pickleStep.astNodeIds) === null || _a2 === void 0 ? void 0 : _a2[0], \"Expected to find at least one astNodeId\")), `Expected to find scenario step associated with id = ${(_b2 = pickleStep.astNodeIds) === null || _b2 === void 0 ? void 0 : _b2[0]}`);\n    const argument = ((_c2 = pickleStep.argument) === null || _c2 === void 0 ? void 0 : _c2.dataTable) ? new data_table_1.default(pickleStep.argument.dataTable) : ((_e = (_d = pickleStep.argument) === null || _d === void 0 ? void 0 : _d.docString) === null || _e === void 0 ? void 0 : _e.content) ? pickleStep.argument.docString.content : void 0;\n    cy.then(() => {\n      window.testState.pickleStep = step.pickleStep;\n      const start = (0, messages_1.createTimestamp)();\n      internalProperties.currentStep = { pickleStep };\n      internalProperties.currentStepStartedAt = start;\n      taskTestStepStarted(context, {\n        testStepId,\n        testCaseStartedId,\n        timestamp: start\n      });\n      return cy.wrap(start, { log: false });\n    }).then((start) => {\n      const beforeStepHooks = registry2.resolveBeforeStepHooks(tags);\n      const afterStepHooks = registry2.resolveAfterStepHooks(tags);\n      const options = {\n        pickle,\n        pickleStep,\n        gherkinDocument,\n        testCaseStartedId,\n        testStepId\n      };\n      const beforeHooksChain = () => beforeStepHooks.reduce((chain, beforeStepHook) => {\n        return chain.then((results) => {\n          const start2 = (0, messages_1.createTimestamp)();\n          return (0, cypress_1.runStepWithLogGroup)({\n            keyword: \"BeforeStep\",\n            text: createStepDescription(beforeStepHook),\n            fn: dryRun ? noopFn : () => registry2.runStepHook(this, beforeStepHook, options)\n          }).then(convertReturnValueToTestStepResultStatus).then((status) => results.concat({\n            status,\n            duration: (0, messages_1.duration)(start2, (0, messages_1.createTimestamp)())\n          }));\n        });\n      }, cy.wrap([], { log: false }));\n      const afterStepHooksChain = () => afterStepHooks.reduce((chain, afterStepHook) => {\n        return chain.then((results) => {\n          const start2 = (0, messages_1.createTimestamp)();\n          return (0, cypress_1.runStepWithLogGroup)({\n            keyword: \"AfterStep\",\n            text: createStepDescription(afterStepHook),\n            fn: dryRun ? noopFn : () => registry2.runStepHook(this, afterStepHook, options)\n          }).then(convertReturnValueToTestStepResultStatus).then((status) => results.concat({\n            status,\n            duration: (0, messages_1.duration)(start2, (0, messages_1.createTimestamp)())\n          }));\n        });\n      }, cy.wrap([], {\n        log: false\n      }));\n      return beforeHooksChain().then((beforeStepHookResults) => {\n        return (0, cypress_1.runStepWithLogGroup)({\n          keyword: (0, assertions_1.ensure)(\"keyword\" in scenarioStep && scenarioStep.keyword, \"Expected to find a keyword in the scenario step\"),\n          argument,\n          text,\n          fn: () => {\n            var _a3, _b3;\n            try {\n              return registry2.runStepDefinition(this, text, dryRun, argument);\n            } catch (e) {\n              if (e instanceof registry_1.MissingDefinitionError || e instanceof registry_1.MultipleDefinitionsError) {\n                this.test._retries = this.test._currentRetry;\n              }\n              if (e instanceof registry_1.MissingDefinitionError) {\n                let parameterType = null;\n                if ((_a3 = pickleStep.argument) === null || _a3 === void 0 ? void 0 : _a3.dataTable) {\n                  parameterType = \"dataTable\";\n                } else if ((_b3 = pickleStep.argument) === null || _b3 === void 0 ? void 0 : _b3.docString) {\n                  parameterType = \"docString\";\n                }\n                const snippets = new cucumber_expressions_1.CucumberExpressionGenerator(() => context.registry.parameterTypeRegistry.parameterTypes).generateExpressions(pickleStep.text).map((expression) => (0, snippets_1.generateSnippet)(expression, (0, assertions_1.ensure)(pickleStep.type, \"Expected pickleStep to have a type\"), parameterType));\n                return taskSuggestion(context, {\n                  id: context.newId(),\n                  pickleStepId: pickleStep.id,\n                  snippets: snippets.map((code) => {\n                    return {\n                      language: \"javascript\",\n                      code\n                    };\n                  })\n                }).then(() => {\n                  throw new Error(createMissingStepDefinitionMessage(context, pickleStep, snippets));\n                });\n              } else {\n                throw e;\n              }\n            }\n          }\n        }).then(convertReturnValueToTestStepResultStatus).then((status) => {\n          const testStepResult = {\n            status,\n            duration: (0, messages_1.duration)(start, (0, messages_1.createTimestamp)())\n          };\n          return {\n            beforeStepHookResults,\n            testStepResult\n          };\n        });\n      }).then(({ beforeStepHookResults, testStepResult }) => {\n        return afterStepHooksChain().then((afterStepHookResults) => {\n          return messages.getWorstTestStepResult([\n            ...beforeStepHookResults,\n            testStepResult,\n            ...afterStepHookResults\n          ]);\n        });\n      });\n    }).then((testStepResult) => onAfterStep({ testStepResult, testStepId }));\n  }\n}",
              "err": {},
              "uuid": "655d54bf-f226-47c2-984a-b9acde7f57a8",
              "parentUUID": "88ddae6f-fa14-4f81-8669-2a5bf7022dbe",
              "isHook": false,
              "skipped": false
            },
            {
              "title": "CT-04 - Interação com o dropdown customizado",
              "fullTitle": "QA Playground - Elementos Básicos CT-04 - Interação com o dropdown customizado",
              "timedOut": null,
              "duration": 4623,
              "state": "failed",
              "speed": null,
              "pass": false,
              "fail": true,
              "pending": false,
              "context": "{\n  \"title\": \"cypress-mochawesome-reporter-screenshots\",\n  \"value\": [\n    [\n      \"/elementosBasicos.feature/QA Playground - Elementos Básicos -- CT-04 - Interação com o dropdown customizado (failed).png\"\n    ]\n  ]\n}",
              "code": "var _a2, _b2, _c2, _d, _e;\n(0, assertions_1.assert)(context.includedPickles[0].id === pickle.id, \"Included pickle stack is unsynchronized\");\nconst { remainingSteps, testCaseStartedId } = retrieveInternalSpecProperties();\ntaskTestCaseStarted(context, {\n  id: testCaseStartedId,\n  testCaseId,\n  attempt: attempt++,\n  timestamp: (0, messages_1.createTimestamp)()\n});\nwindow.testState = {\n  gherkinDocument,\n  pickles,\n  pickle\n};\nconst onAfterStep = (options) => {\n  var _a3, _b3, _c3;\n  const { testStepId, testStepResult } = options;\n  const end = (0, messages_1.createTimestamp)();\n  if (testStepResult.status === messages.TestStepResultStatus.PENDING || testStepResult.status === messages.TestStepResultStatus.SKIPPED) {\n    taskTestStepFinished(context, {\n      testStepId,\n      testCaseStartedId,\n      testStepResult,\n      timestamp: end\n    });\n    remainingSteps.shift();\n    for (const skippedStep of remainingSteps) {\n      const hookIdOrPickleStepId = (0, assertions_1.ensure)((_b3 = (_a3 = skippedStep.hook) === null || _a3 === void 0 ? void 0 : _a3.id) !== null && _b3 !== void 0 ? _b3 : (_c3 = skippedStep.pickleStep) === null || _c3 === void 0 ? void 0 : _c3.id, \"Expected a step to either be a hook or a pickleStep\");\n      const testStepId2 = getTestStepId({\n        context,\n        pickleId: pickle.id,\n        hookIdOrPickleStepId\n      });\n      taskTestStepStarted(context, {\n        testStepId: testStepId2,\n        testCaseStartedId,\n        timestamp: (0, messages_1.createTimestamp)()\n      });\n      taskTestStepFinished(context, {\n        testStepId: testStepId2,\n        testCaseStartedId,\n        testStepResult: {\n          status: messages.TestStepResultStatus.SKIPPED,\n          duration: {\n            seconds: 0,\n            nanos: 0\n          }\n        },\n        timestamp: (0, messages_1.createTimestamp)()\n      });\n    }\n    for (let i = 0, count = remainingSteps.length; i < count; i++) {\n      remainingSteps.pop();\n    }\n    cy.then(() => this.skip());\n  } else {\n    taskTestStepFinished(context, {\n      testStepId,\n      testCaseStartedId,\n      testStepResult,\n      timestamp: (0, messages_1.createTimestamp)()\n    });\n    remainingSteps.shift();\n  }\n};\nfor (const step of steps) {\n  if (step.hook) {\n    const hook = step.hook;\n    const testStepId = getTestStepId({\n      context,\n      pickleId: pickle.id,\n      hookIdOrPickleStepId: hook.id\n    });\n    cy.then(() => {\n      delete window.testState.pickleStep;\n      const start = (0, messages_1.createTimestamp)();\n      internalProperties.currentStepStartedAt = start;\n      taskTestStepStarted(context, {\n        testStepId,\n        testCaseStartedId,\n        timestamp: start\n      });\n      return cy.wrap(start, { log: false });\n    }).then((start) => {\n      const options = {\n        pickle,\n        gherkinDocument,\n        testCaseStartedId\n      };\n      return (0, cypress_1.runStepWithLogGroup)({\n        fn: dryRun ? noopFn : () => registry2.runCaseHook(this, hook, options),\n        keyword: hook.keyword,\n        text: createStepDescription(hook)\n      }).then(convertReturnValueToTestStepResultStatus).then((status) => {\n        return { start, status };\n      });\n    }).then(({ start, status }) => onAfterStep({\n      testStepResult: {\n        status,\n        duration: (0, messages_1.duration)(start, (0, messages_1.createTimestamp)())\n      },\n      testStepId\n    }));\n  } else if (step.pickleStep) {\n    const pickleStep = step.pickleStep;\n    const testStepId = getTestStepId({\n      context,\n      pickleId: pickle.id,\n      hookIdOrPickleStepId: pickleStep.id\n    });\n    const text = (0, assertions_1.ensure)(pickleStep.text, \"Expected pickle step to have a text\");\n    const scenarioStep = (0, assertions_1.ensure)(context.astIdsMap.get((0, assertions_1.ensure)((_a2 = pickleStep.astNodeIds) === null || _a2 === void 0 ? void 0 : _a2[0], \"Expected to find at least one astNodeId\")), `Expected to find scenario step associated with id = ${(_b2 = pickleStep.astNodeIds) === null || _b2 === void 0 ? void 0 : _b2[0]}`);\n    const argument = ((_c2 = pickleStep.argument) === null || _c2 === void 0 ? void 0 : _c2.dataTable) ? new data_table_1.default(pickleStep.argument.dataTable) : ((_e = (_d = pickleStep.argument) === null || _d === void 0 ? void 0 : _d.docString) === null || _e === void 0 ? void 0 : _e.content) ? pickleStep.argument.docString.content : void 0;\n    cy.then(() => {\n      window.testState.pickleStep = step.pickleStep;\n      const start = (0, messages_1.createTimestamp)();\n      internalProperties.currentStep = { pickleStep };\n      internalProperties.currentStepStartedAt = start;\n      taskTestStepStarted(context, {\n        testStepId,\n        testCaseStartedId,\n        timestamp: start\n      });\n      return cy.wrap(start, { log: false });\n    }).then((start) => {\n      const beforeStepHooks = registry2.resolveBeforeStepHooks(tags);\n      const afterStepHooks = registry2.resolveAfterStepHooks(tags);\n      const options = {\n        pickle,\n        pickleStep,\n        gherkinDocument,\n        testCaseStartedId,\n        testStepId\n      };\n      const beforeHooksChain = () => beforeStepHooks.reduce((chain, beforeStepHook) => {\n        return chain.then((results) => {\n          const start2 = (0, messages_1.createTimestamp)();\n          return (0, cypress_1.runStepWithLogGroup)({\n            keyword: \"BeforeStep\",\n            text: createStepDescription(beforeStepHook),\n            fn: dryRun ? noopFn : () => registry2.runStepHook(this, beforeStepHook, options)\n          }).then(convertReturnValueToTestStepResultStatus).then((status) => results.concat({\n            status,\n            duration: (0, messages_1.duration)(start2, (0, messages_1.createTimestamp)())\n          }));\n        });\n      }, cy.wrap([], { log: false }));\n      const afterStepHooksChain = () => afterStepHooks.reduce((chain, afterStepHook) => {\n        return chain.then((results) => {\n          const start2 = (0, messages_1.createTimestamp)();\n          return (0, cypress_1.runStepWithLogGroup)({\n            keyword: \"AfterStep\",\n            text: createStepDescription(afterStepHook),\n            fn: dryRun ? noopFn : () => registry2.runStepHook(this, afterStepHook, options)\n          }).then(convertReturnValueToTestStepResultStatus).then((status) => results.concat({\n            status,\n            duration: (0, messages_1.duration)(start2, (0, messages_1.createTimestamp)())\n          }));\n        });\n      }, cy.wrap([], {\n        log: false\n      }));\n      return beforeHooksChain().then((beforeStepHookResults) => {\n        return (0, cypress_1.runStepWithLogGroup)({\n          keyword: (0, assertions_1.ensure)(\"keyword\" in scenarioStep && scenarioStep.keyword, \"Expected to find a keyword in the scenario step\"),\n          argument,\n          text,\n          fn: () => {\n            var _a3, _b3;\n            try {\n              return registry2.runStepDefinition(this, text, dryRun, argument);\n            } catch (e) {\n              if (e instanceof registry_1.MissingDefinitionError || e instanceof registry_1.MultipleDefinitionsError) {\n                this.test._retries = this.test._currentRetry;\n              }\n              if (e instanceof registry_1.MissingDefinitionError) {\n                let parameterType = null;\n                if ((_a3 = pickleStep.argument) === null || _a3 === void 0 ? void 0 : _a3.dataTable) {\n                  parameterType = \"dataTable\";\n                } else if ((_b3 = pickleStep.argument) === null || _b3 === void 0 ? void 0 : _b3.docString) {\n                  parameterType = \"docString\";\n                }\n                const snippets = new cucumber_expressions_1.CucumberExpressionGenerator(() => context.registry.parameterTypeRegistry.parameterTypes).generateExpressions(pickleStep.text).map((expression) => (0, snippets_1.generateSnippet)(expression, (0, assertions_1.ensure)(pickleStep.type, \"Expected pickleStep to have a type\"), parameterType));\n                return taskSuggestion(context, {\n                  id: context.newId(),\n                  pickleStepId: pickleStep.id,\n                  snippets: snippets.map((code) => {\n                    return {\n                      language: \"javascript\",\n                      code\n                    };\n                  })\n                }).then(() => {\n                  throw new Error(createMissingStepDefinitionMessage(context, pickleStep, snippets));\n                });\n              } else {\n                throw e;\n              }\n            }\n          }\n        }).then(convertReturnValueToTestStepResultStatus).then((status) => {\n          const testStepResult = {\n            status,\n            duration: (0, messages_1.duration)(start, (0, messages_1.createTimestamp)())\n          };\n          return {\n            beforeStepHookResults,\n            testStepResult\n          };\n        });\n      }).then(({ beforeStepHookResults, testStepResult }) => {\n        return afterStepHooksChain().then((afterStepHookResults) => {\n          return messages.getWorstTestStepResult([\n            ...beforeStepHookResults,\n            testStepResult,\n            ...afterStepHookResults\n          ]);\n        });\n      });\n    }).then((testStepResult) => onAfterStep({ testStepResult, testStepId }));\n  }\n}",
              "err": {
                "message": "AssertionError: Timed out retrying after 4000ms: Expected to find element: `button[data-testid=\"select-option-robot\"]`, but never found it.",
                "estack": "AssertionError: Timed out retrying after 4000ms: Expected to find element: `button[data-testid=\"select-option-robot\"]`, but never found it.\n    at ElementosBasicosPage.opcaoDropdown (https://playground-for-qa.vercel.app/__cypress/tests?p=cypress/e2e/features/elementosBasicos.feature:16848:21)\n    at ElementosBasicosPage.selecionarDropdown (https://playground-for-qa.vercel.app/__cypress/tests?p=cypress/e2e/features/elementosBasicos.feature:16867:16)\n    at Context.eval (https://playground-for-qa.vercel.app/__cypress/tests?p=cypress/e2e/features/elementosBasicos.feature:16915:38)\n    at Registry.runStepDefinition (https://playground-for-qa.vercel.app/__cypress/tests?p=cypress/e2e/features/elementosBasicos.feature:9479:48)\n    at Object.fn (https://playground-for-qa.vercel.app/__cypress/tests?p=cypress/e2e/features/elementosBasicos.feature:16017:42)\n    at runStepWithLogGroup (https://playground-for-qa.vercel.app/__cypress/tests?p=cypress/e2e/features/elementosBasicos.feature:14961:29)\n    at Context.eval (https://playground-for-qa.vercel.app/__cypress/tests?p=cypress/e2e/features/elementosBasicos.feature:16010:60)\n    at getRet (https://playground-for-qa.vercel.app/__cypress/runner/cypress_runner.js:122798:20)\n    at tryCatcher (https://playground-for-qa.vercel.app/__cypress/runner/cypress_runner.js:1777:23)",
                "diff": null
              },
              "uuid": "df4a67c1-6c69-40bf-9b10-e383db3ed06b",
              "parentUUID": "88ddae6f-fa14-4f81-8669-2a5bf7022dbe",
              "isHook": false,
              "skipped": false
            },
            {
              "title": "CT-05 - Interação com o slider de intervalo",
              "fullTitle": "QA Playground - Elementos Básicos CT-05 - Interação com o slider de intervalo",
              "timedOut": null,
              "duration": 286,
              "state": "passed",
              "speed": "fast",
              "pass": true,
              "fail": false,
              "pending": false,
              "context": null,
              "code": "var _a2, _b2, _c2, _d, _e;\n(0, assertions_1.assert)(context.includedPickles[0].id === pickle.id, \"Included pickle stack is unsynchronized\");\nconst { remainingSteps, testCaseStartedId } = retrieveInternalSpecProperties();\ntaskTestCaseStarted(context, {\n  id: testCaseStartedId,\n  testCaseId,\n  attempt: attempt++,\n  timestamp: (0, messages_1.createTimestamp)()\n});\nwindow.testState = {\n  gherkinDocument,\n  pickles,\n  pickle\n};\nconst onAfterStep = (options) => {\n  var _a3, _b3, _c3;\n  const { testStepId, testStepResult } = options;\n  const end = (0, messages_1.createTimestamp)();\n  if (testStepResult.status === messages.TestStepResultStatus.PENDING || testStepResult.status === messages.TestStepResultStatus.SKIPPED) {\n    taskTestStepFinished(context, {\n      testStepId,\n      testCaseStartedId,\n      testStepResult,\n      timestamp: end\n    });\n    remainingSteps.shift();\n    for (const skippedStep of remainingSteps) {\n      const hookIdOrPickleStepId = (0, assertions_1.ensure)((_b3 = (_a3 = skippedStep.hook) === null || _a3 === void 0 ? void 0 : _a3.id) !== null && _b3 !== void 0 ? _b3 : (_c3 = skippedStep.pickleStep) === null || _c3 === void 0 ? void 0 : _c3.id, \"Expected a step to either be a hook or a pickleStep\");\n      const testStepId2 = getTestStepId({\n        context,\n        pickleId: pickle.id,\n        hookIdOrPickleStepId\n      });\n      taskTestStepStarted(context, {\n        testStepId: testStepId2,\n        testCaseStartedId,\n        timestamp: (0, messages_1.createTimestamp)()\n      });\n      taskTestStepFinished(context, {\n        testStepId: testStepId2,\n        testCaseStartedId,\n        testStepResult: {\n          status: messages.TestStepResultStatus.SKIPPED,\n          duration: {\n            seconds: 0,\n            nanos: 0\n          }\n        },\n        timestamp: (0, messages_1.createTimestamp)()\n      });\n    }\n    for (let i = 0, count = remainingSteps.length; i < count; i++) {\n      remainingSteps.pop();\n    }\n    cy.then(() => this.skip());\n  } else {\n    taskTestStepFinished(context, {\n      testStepId,\n      testCaseStartedId,\n      testStepResult,\n      timestamp: (0, messages_1.createTimestamp)()\n    });\n    remainingSteps.shift();\n  }\n};\nfor (const step of steps) {\n  if (step.hook) {\n    const hook = step.hook;\n    const testStepId = getTestStepId({\n      context,\n      pickleId: pickle.id,\n      hookIdOrPickleStepId: hook.id\n    });\n    cy.then(() => {\n      delete window.testState.pickleStep;\n      const start = (0, messages_1.createTimestamp)();\n      internalProperties.currentStepStartedAt = start;\n      taskTestStepStarted(context, {\n        testStepId,\n        testCaseStartedId,\n        timestamp: start\n      });\n      return cy.wrap(start, { log: false });\n    }).then((start) => {\n      const options = {\n        pickle,\n        gherkinDocument,\n        testCaseStartedId\n      };\n      return (0, cypress_1.runStepWithLogGroup)({\n        fn: dryRun ? noopFn : () => registry2.runCaseHook(this, hook, options),\n        keyword: hook.keyword,\n        text: createStepDescription(hook)\n      }).then(convertReturnValueToTestStepResultStatus).then((status) => {\n        return { start, status };\n      });\n    }).then(({ start, status }) => onAfterStep({\n      testStepResult: {\n        status,\n        duration: (0, messages_1.duration)(start, (0, messages_1.createTimestamp)())\n      },\n      testStepId\n    }));\n  } else if (step.pickleStep) {\n    const pickleStep = step.pickleStep;\n    const testStepId = getTestStepId({\n      context,\n      pickleId: pickle.id,\n      hookIdOrPickleStepId: pickleStep.id\n    });\n    const text = (0, assertions_1.ensure)(pickleStep.text, \"Expected pickle step to have a text\");\n    const scenarioStep = (0, assertions_1.ensure)(context.astIdsMap.get((0, assertions_1.ensure)((_a2 = pickleStep.astNodeIds) === null || _a2 === void 0 ? void 0 : _a2[0], \"Expected to find at least one astNodeId\")), `Expected to find scenario step associated with id = ${(_b2 = pickleStep.astNodeIds) === null || _b2 === void 0 ? void 0 : _b2[0]}`);\n    const argument = ((_c2 = pickleStep.argument) === null || _c2 === void 0 ? void 0 : _c2.dataTable) ? new data_table_1.default(pickleStep.argument.dataTable) : ((_e = (_d = pickleStep.argument) === null || _d === void 0 ? void 0 : _d.docString) === null || _e === void 0 ? void 0 : _e.content) ? pickleStep.argument.docString.content : void 0;\n    cy.then(() => {\n      window.testState.pickleStep = step.pickleStep;\n      const start = (0, messages_1.createTimestamp)();\n      internalProperties.currentStep = { pickleStep };\n      internalProperties.currentStepStartedAt = start;\n      taskTestStepStarted(context, {\n        testStepId,\n        testCaseStartedId,\n        timestamp: start\n      });\n      return cy.wrap(start, { log: false });\n    }).then((start) => {\n      const beforeStepHooks = registry2.resolveBeforeStepHooks(tags);\n      const afterStepHooks = registry2.resolveAfterStepHooks(tags);\n      const options = {\n        pickle,\n        pickleStep,\n        gherkinDocument,\n        testCaseStartedId,\n        testStepId\n      };\n      const beforeHooksChain = () => beforeStepHooks.reduce((chain, beforeStepHook) => {\n        return chain.then((results) => {\n          const start2 = (0, messages_1.createTimestamp)();\n          return (0, cypress_1.runStepWithLogGroup)({\n            keyword: \"BeforeStep\",\n            text: createStepDescription(beforeStepHook),\n            fn: dryRun ? noopFn : () => registry2.runStepHook(this, beforeStepHook, options)\n          }).then(convertReturnValueToTestStepResultStatus).then((status) => results.concat({\n            status,\n            duration: (0, messages_1.duration)(start2, (0, messages_1.createTimestamp)())\n          }));\n        });\n      }, cy.wrap([], { log: false }));\n      const afterStepHooksChain = () => afterStepHooks.reduce((chain, afterStepHook) => {\n        return chain.then((results) => {\n          const start2 = (0, messages_1.createTimestamp)();\n          return (0, cypress_1.runStepWithLogGroup)({\n            keyword: \"AfterStep\",\n            text: createStepDescription(afterStepHook),\n            fn: dryRun ? noopFn : () => registry2.runStepHook(this, afterStepHook, options)\n          }).then(convertReturnValueToTestStepResultStatus).then((status) => results.concat({\n            status,\n            duration: (0, messages_1.duration)(start2, (0, messages_1.createTimestamp)())\n          }));\n        });\n      }, cy.wrap([], {\n        log: false\n      }));\n      return beforeHooksChain().then((beforeStepHookResults) => {\n        return (0, cypress_1.runStepWithLogGroup)({\n          keyword: (0, assertions_1.ensure)(\"keyword\" in scenarioStep && scenarioStep.keyword, \"Expected to find a keyword in the scenario step\"),\n          argument,\n          text,\n          fn: () => {\n            var _a3, _b3;\n            try {\n              return registry2.runStepDefinition(this, text, dryRun, argument);\n            } catch (e) {\n              if (e instanceof registry_1.MissingDefinitionError || e instanceof registry_1.MultipleDefinitionsError) {\n                this.test._retries = this.test._currentRetry;\n              }\n              if (e instanceof registry_1.MissingDefinitionError) {\n                let parameterType = null;\n                if ((_a3 = pickleStep.argument) === null || _a3 === void 0 ? void 0 : _a3.dataTable) {\n                  parameterType = \"dataTable\";\n                } else if ((_b3 = pickleStep.argument) === null || _b3 === void 0 ? void 0 : _b3.docString) {\n                  parameterType = \"docString\";\n                }\n                const snippets = new cucumber_expressions_1.CucumberExpressionGenerator(() => context.registry.parameterTypeRegistry.parameterTypes).generateExpressions(pickleStep.text).map((expression) => (0, snippets_1.generateSnippet)(expression, (0, assertions_1.ensure)(pickleStep.type, \"Expected pickleStep to have a type\"), parameterType));\n                return taskSuggestion(context, {\n                  id: context.newId(),\n                  pickleStepId: pickleStep.id,\n                  snippets: snippets.map((code) => {\n                    return {\n                      language: \"javascript\",\n                      code\n                    };\n                  })\n                }).then(() => {\n                  throw new Error(createMissingStepDefinitionMessage(context, pickleStep, snippets));\n                });\n              } else {\n                throw e;\n              }\n            }\n          }\n        }).then(convertReturnValueToTestStepResultStatus).then((status) => {\n          const testStepResult = {\n            status,\n            duration: (0, messages_1.duration)(start, (0, messages_1.createTimestamp)())\n          };\n          return {\n            beforeStepHookResults,\n            testStepResult\n          };\n        });\n      }).then(({ beforeStepHookResults, testStepResult }) => {\n        return afterStepHooksChain().then((afterStepHookResults) => {\n          return messages.getWorstTestStepResult([\n            ...beforeStepHookResults,\n            testStepResult,\n            ...afterStepHookResults\n          ]);\n        });\n      });\n    }).then((testStepResult) => onAfterStep({ testStepResult, testStepId }));\n  }\n}",
              "err": {},
              "uuid": "ebc5b37a-1dd4-45f3-a288-3b1eea5eac7d",
              "parentUUID": "88ddae6f-fa14-4f81-8669-2a5bf7022dbe",
              "isHook": false,
              "skipped": false
            },
            {
              "title": "CT-06 - Interação com o interruptor (switch) ativado",
              "fullTitle": "QA Playground - Elementos Básicos CT-06 - Interação com o interruptor (switch) ativado",
              "timedOut": null,
              "duration": 332,
              "state": "passed",
              "speed": "fast",
              "pass": true,
              "fail": false,
              "pending": false,
              "context": null,
              "code": "var _a2, _b2, _c2, _d, _e;\n(0, assertions_1.assert)(context.includedPickles[0].id === pickle.id, \"Included pickle stack is unsynchronized\");\nconst { remainingSteps, testCaseStartedId } = retrieveInternalSpecProperties();\ntaskTestCaseStarted(context, {\n  id: testCaseStartedId,\n  testCaseId,\n  attempt: attempt++,\n  timestamp: (0, messages_1.createTimestamp)()\n});\nwindow.testState = {\n  gherkinDocument,\n  pickles,\n  pickle\n};\nconst onAfterStep = (options) => {\n  var _a3, _b3, _c3;\n  const { testStepId, testStepResult } = options;\n  const end = (0, messages_1.createTimestamp)();\n  if (testStepResult.status === messages.TestStepResultStatus.PENDING || testStepResult.status === messages.TestStepResultStatus.SKIPPED) {\n    taskTestStepFinished(context, {\n      testStepId,\n      testCaseStartedId,\n      testStepResult,\n      timestamp: end\n    });\n    remainingSteps.shift();\n    for (const skippedStep of remainingSteps) {\n      const hookIdOrPickleStepId = (0, assertions_1.ensure)((_b3 = (_a3 = skippedStep.hook) === null || _a3 === void 0 ? void 0 : _a3.id) !== null && _b3 !== void 0 ? _b3 : (_c3 = skippedStep.pickleStep) === null || _c3 === void 0 ? void 0 : _c3.id, \"Expected a step to either be a hook or a pickleStep\");\n      const testStepId2 = getTestStepId({\n        context,\n        pickleId: pickle.id,\n        hookIdOrPickleStepId\n      });\n      taskTestStepStarted(context, {\n        testStepId: testStepId2,\n        testCaseStartedId,\n        timestamp: (0, messages_1.createTimestamp)()\n      });\n      taskTestStepFinished(context, {\n        testStepId: testStepId2,\n        testCaseStartedId,\n        testStepResult: {\n          status: messages.TestStepResultStatus.SKIPPED,\n          duration: {\n            seconds: 0,\n            nanos: 0\n          }\n        },\n        timestamp: (0, messages_1.createTimestamp)()\n      });\n    }\n    for (let i = 0, count = remainingSteps.length; i < count; i++) {\n      remainingSteps.pop();\n    }\n    cy.then(() => this.skip());\n  } else {\n    taskTestStepFinished(context, {\n      testStepId,\n      testCaseStartedId,\n      testStepResult,\n      timestamp: (0, messages_1.createTimestamp)()\n    });\n    remainingSteps.shift();\n  }\n};\nfor (const step of steps) {\n  if (step.hook) {\n    const hook = step.hook;\n    const testStepId = getTestStepId({\n      context,\n      pickleId: pickle.id,\n      hookIdOrPickleStepId: hook.id\n    });\n    cy.then(() => {\n      delete window.testState.pickleStep;\n      const start = (0, messages_1.createTimestamp)();\n      internalProperties.currentStepStartedAt = start;\n      taskTestStepStarted(context, {\n        testStepId,\n        testCaseStartedId,\n        timestamp: start\n      });\n      return cy.wrap(start, { log: false });\n    }).then((start) => {\n      const options = {\n        pickle,\n        gherkinDocument,\n        testCaseStartedId\n      };\n      return (0, cypress_1.runStepWithLogGroup)({\n        fn: dryRun ? noopFn : () => registry2.runCaseHook(this, hook, options),\n        keyword: hook.keyword,\n        text: createStepDescription(hook)\n      }).then(convertReturnValueToTestStepResultStatus).then((status) => {\n        return { start, status };\n      });\n    }).then(({ start, status }) => onAfterStep({\n      testStepResult: {\n        status,\n        duration: (0, messages_1.duration)(start, (0, messages_1.createTimestamp)())\n      },\n      testStepId\n    }));\n  } else if (step.pickleStep) {\n    const pickleStep = step.pickleStep;\n    const testStepId = getTestStepId({\n      context,\n      pickleId: pickle.id,\n      hookIdOrPickleStepId: pickleStep.id\n    });\n    const text = (0, assertions_1.ensure)(pickleStep.text, \"Expected pickle step to have a text\");\n    const scenarioStep = (0, assertions_1.ensure)(context.astIdsMap.get((0, assertions_1.ensure)((_a2 = pickleStep.astNodeIds) === null || _a2 === void 0 ? void 0 : _a2[0], \"Expected to find at least one astNodeId\")), `Expected to find scenario step associated with id = ${(_b2 = pickleStep.astNodeIds) === null || _b2 === void 0 ? void 0 : _b2[0]}`);\n    const argument = ((_c2 = pickleStep.argument) === null || _c2 === void 0 ? void 0 : _c2.dataTable) ? new data_table_1.default(pickleStep.argument.dataTable) : ((_e = (_d = pickleStep.argument) === null || _d === void 0 ? void 0 : _d.docString) === null || _e === void 0 ? void 0 : _e.content) ? pickleStep.argument.docString.content : void 0;\n    cy.then(() => {\n      window.testState.pickleStep = step.pickleStep;\n      const start = (0, messages_1.createTimestamp)();\n      internalProperties.currentStep = { pickleStep };\n      internalProperties.currentStepStartedAt = start;\n      taskTestStepStarted(context, {\n        testStepId,\n        testCaseStartedId,\n        timestamp: start\n      });\n      return cy.wrap(start, { log: false });\n    }).then((start) => {\n      const beforeStepHooks = registry2.resolveBeforeStepHooks(tags);\n      const afterStepHooks = registry2.resolveAfterStepHooks(tags);\n      const options = {\n        pickle,\n        pickleStep,\n        gherkinDocument,\n        testCaseStartedId,\n        testStepId\n      };\n      const beforeHooksChain = () => beforeStepHooks.reduce((chain, beforeStepHook) => {\n        return chain.then((results) => {\n          const start2 = (0, messages_1.createTimestamp)();\n          return (0, cypress_1.runStepWithLogGroup)({\n            keyword: \"BeforeStep\",\n            text: createStepDescription(beforeStepHook),\n            fn: dryRun ? noopFn : () => registry2.runStepHook(this, beforeStepHook, options)\n          }).then(convertReturnValueToTestStepResultStatus).then((status) => results.concat({\n            status,\n            duration: (0, messages_1.duration)(start2, (0, messages_1.createTimestamp)())\n          }));\n        });\n      }, cy.wrap([], { log: false }));\n      const afterStepHooksChain = () => afterStepHooks.reduce((chain, afterStepHook) => {\n        return chain.then((results) => {\n          const start2 = (0, messages_1.createTimestamp)();\n          return (0, cypress_1.runStepWithLogGroup)({\n            keyword: \"AfterStep\",\n            text: createStepDescription(afterStepHook),\n            fn: dryRun ? noopFn : () => registry2.runStepHook(this, afterStepHook, options)\n          }).then(convertReturnValueToTestStepResultStatus).then((status) => results.concat({\n            status,\n            duration: (0, messages_1.duration)(start2, (0, messages_1.createTimestamp)())\n          }));\n        });\n      }, cy.wrap([], {\n        log: false\n      }));\n      return beforeHooksChain().then((beforeStepHookResults) => {\n        return (0, cypress_1.runStepWithLogGroup)({\n          keyword: (0, assertions_1.ensure)(\"keyword\" in scenarioStep && scenarioStep.keyword, \"Expected to find a keyword in the scenario step\"),\n          argument,\n          text,\n          fn: () => {\n            var _a3, _b3;\n            try {\n              return registry2.runStepDefinition(this, text, dryRun, argument);\n            } catch (e) {\n              if (e instanceof registry_1.MissingDefinitionError || e instanceof registry_1.MultipleDefinitionsError) {\n                this.test._retries = this.test._currentRetry;\n              }\n              if (e instanceof registry_1.MissingDefinitionError) {\n                let parameterType = null;\n                if ((_a3 = pickleStep.argument) === null || _a3 === void 0 ? void 0 : _a3.dataTable) {\n                  parameterType = \"dataTable\";\n                } else if ((_b3 = pickleStep.argument) === null || _b3 === void 0 ? void 0 : _b3.docString) {\n                  parameterType = \"docString\";\n                }\n                const snippets = new cucumber_expressions_1.CucumberExpressionGenerator(() => context.registry.parameterTypeRegistry.parameterTypes).generateExpressions(pickleStep.text).map((expression) => (0, snippets_1.generateSnippet)(expression, (0, assertions_1.ensure)(pickleStep.type, \"Expected pickleStep to have a type\"), parameterType));\n                return taskSuggestion(context, {\n                  id: context.newId(),\n                  pickleStepId: pickleStep.id,\n                  snippets: snippets.map((code) => {\n                    return {\n                      language: \"javascript\",\n                      code\n                    };\n                  })\n                }).then(() => {\n                  throw new Error(createMissingStepDefinitionMessage(context, pickleStep, snippets));\n                });\n              } else {\n                throw e;\n              }\n            }\n          }\n        }).then(convertReturnValueToTestStepResultStatus).then((status) => {\n          const testStepResult = {\n            status,\n            duration: (0, messages_1.duration)(start, (0, messages_1.createTimestamp)())\n          };\n          return {\n            beforeStepHookResults,\n            testStepResult\n          };\n        });\n      }).then(({ beforeStepHookResults, testStepResult }) => {\n        return afterStepHooksChain().then((afterStepHookResults) => {\n          return messages.getWorstTestStepResult([\n            ...beforeStepHookResults,\n            testStepResult,\n            ...afterStepHookResults\n          ]);\n        });\n      });\n    }).then((testStepResult) => onAfterStep({ testStepResult, testStepId }));\n  }\n}",
              "err": {},
              "uuid": "a6109f02-fba3-4c5c-853a-ac28b78da620",
              "parentUUID": "88ddae6f-fa14-4f81-8669-2a5bf7022dbe",
              "isHook": false,
              "skipped": false
            },
            {
              "title": "CT-07 - Interação com o interruptor (switch) desativado",
              "fullTitle": "QA Playground - Elementos Básicos CT-07 - Interação com o interruptor (switch) desativado",
              "timedOut": null,
              "duration": 411,
              "state": "passed",
              "speed": "fast",
              "pass": true,
              "fail": false,
              "pending": false,
              "context": null,
              "code": "var _a2, _b2, _c2, _d, _e;\n(0, assertions_1.assert)(context.includedPickles[0].id === pickle.id, \"Included pickle stack is unsynchronized\");\nconst { remainingSteps, testCaseStartedId } = retrieveInternalSpecProperties();\ntaskTestCaseStarted(context, {\n  id: testCaseStartedId,\n  testCaseId,\n  attempt: attempt++,\n  timestamp: (0, messages_1.createTimestamp)()\n});\nwindow.testState = {\n  gherkinDocument,\n  pickles,\n  pickle\n};\nconst onAfterStep = (options) => {\n  var _a3, _b3, _c3;\n  const { testStepId, testStepResult } = options;\n  const end = (0, messages_1.createTimestamp)();\n  if (testStepResult.status === messages.TestStepResultStatus.PENDING || testStepResult.status === messages.TestStepResultStatus.SKIPPED) {\n    taskTestStepFinished(context, {\n      testStepId,\n      testCaseStartedId,\n      testStepResult,\n      timestamp: end\n    });\n    remainingSteps.shift();\n    for (const skippedStep of remainingSteps) {\n      const hookIdOrPickleStepId = (0, assertions_1.ensure)((_b3 = (_a3 = skippedStep.hook) === null || _a3 === void 0 ? void 0 : _a3.id) !== null && _b3 !== void 0 ? _b3 : (_c3 = skippedStep.pickleStep) === null || _c3 === void 0 ? void 0 : _c3.id, \"Expected a step to either be a hook or a pickleStep\");\n      const testStepId2 = getTestStepId({\n        context,\n        pickleId: pickle.id,\n        hookIdOrPickleStepId\n      });\n      taskTestStepStarted(context, {\n        testStepId: testStepId2,\n        testCaseStartedId,\n        timestamp: (0, messages_1.createTimestamp)()\n      });\n      taskTestStepFinished(context, {\n        testStepId: testStepId2,\n        testCaseStartedId,\n        testStepResult: {\n          status: messages.TestStepResultStatus.SKIPPED,\n          duration: {\n            seconds: 0,\n            nanos: 0\n          }\n        },\n        timestamp: (0, messages_1.createTimestamp)()\n      });\n    }\n    for (let i = 0, count = remainingSteps.length; i < count; i++) {\n      remainingSteps.pop();\n    }\n    cy.then(() => this.skip());\n  } else {\n    taskTestStepFinished(context, {\n      testStepId,\n      testCaseStartedId,\n      testStepResult,\n      timestamp: (0, messages_1.createTimestamp)()\n    });\n    remainingSteps.shift();\n  }\n};\nfor (const step of steps) {\n  if (step.hook) {\n    const hook = step.hook;\n    const testStepId = getTestStepId({\n      context,\n      pickleId: pickle.id,\n      hookIdOrPickleStepId: hook.id\n    });\n    cy.then(() => {\n      delete window.testState.pickleStep;\n      const start = (0, messages_1.createTimestamp)();\n      internalProperties.currentStepStartedAt = start;\n      taskTestStepStarted(context, {\n        testStepId,\n        testCaseStartedId,\n        timestamp: start\n      });\n      return cy.wrap(start, { log: false });\n    }).then((start) => {\n      const options = {\n        pickle,\n        gherkinDocument,\n        testCaseStartedId\n      };\n      return (0, cypress_1.runStepWithLogGroup)({\n        fn: dryRun ? noopFn : () => registry2.runCaseHook(this, hook, options),\n        keyword: hook.keyword,\n        text: createStepDescription(hook)\n      }).then(convertReturnValueToTestStepResultStatus).then((status) => {\n        return { start, status };\n      });\n    }).then(({ start, status }) => onAfterStep({\n      testStepResult: {\n        status,\n        duration: (0, messages_1.duration)(start, (0, messages_1.createTimestamp)())\n      },\n      testStepId\n    }));\n  } else if (step.pickleStep) {\n    const pickleStep = step.pickleStep;\n    const testStepId = getTestStepId({\n      context,\n      pickleId: pickle.id,\n      hookIdOrPickleStepId: pickleStep.id\n    });\n    const text = (0, assertions_1.ensure)(pickleStep.text, \"Expected pickle step to have a text\");\n    const scenarioStep = (0, assertions_1.ensure)(context.astIdsMap.get((0, assertions_1.ensure)((_a2 = pickleStep.astNodeIds) === null || _a2 === void 0 ? void 0 : _a2[0], \"Expected to find at least one astNodeId\")), `Expected to find scenario step associated with id = ${(_b2 = pickleStep.astNodeIds) === null || _b2 === void 0 ? void 0 : _b2[0]}`);\n    const argument = ((_c2 = pickleStep.argument) === null || _c2 === void 0 ? void 0 : _c2.dataTable) ? new data_table_1.default(pickleStep.argument.dataTable) : ((_e = (_d = pickleStep.argument) === null || _d === void 0 ? void 0 : _d.docString) === null || _e === void 0 ? void 0 : _e.content) ? pickleStep.argument.docString.content : void 0;\n    cy.then(() => {\n      window.testState.pickleStep = step.pickleStep;\n      const start = (0, messages_1.createTimestamp)();\n      internalProperties.currentStep = { pickleStep };\n      internalProperties.currentStepStartedAt = start;\n      taskTestStepStarted(context, {\n        testStepId,\n        testCaseStartedId,\n        timestamp: start\n      });\n      return cy.wrap(start, { log: false });\n    }).then((start) => {\n      const beforeStepHooks = registry2.resolveBeforeStepHooks(tags);\n      const afterStepHooks = registry2.resolveAfterStepHooks(tags);\n      const options = {\n        pickle,\n        pickleStep,\n        gherkinDocument,\n        testCaseStartedId,\n        testStepId\n      };\n      const beforeHooksChain = () => beforeStepHooks.reduce((chain, beforeStepHook) => {\n        return chain.then((results) => {\n          const start2 = (0, messages_1.createTimestamp)();\n          return (0, cypress_1.runStepWithLogGroup)({\n            keyword: \"BeforeStep\",\n            text: createStepDescription(beforeStepHook),\n            fn: dryRun ? noopFn : () => registry2.runStepHook(this, beforeStepHook, options)\n          }).then(convertReturnValueToTestStepResultStatus).then((status) => results.concat({\n            status,\n            duration: (0, messages_1.duration)(start2, (0, messages_1.createTimestamp)())\n          }));\n        });\n      }, cy.wrap([], { log: false }));\n      const afterStepHooksChain = () => afterStepHooks.reduce((chain, afterStepHook) => {\n        return chain.then((results) => {\n          const start2 = (0, messages_1.createTimestamp)();\n          return (0, cypress_1.runStepWithLogGroup)({\n            keyword: \"AfterStep\",\n            text: createStepDescription(afterStepHook),\n            fn: dryRun ? noopFn : () => registry2.runStepHook(this, afterStepHook, options)\n          }).then(convertReturnValueToTestStepResultStatus).then((status) => results.concat({\n            status,\n            duration: (0, messages_1.duration)(start2, (0, messages_1.createTimestamp)())\n          }));\n        });\n      }, cy.wrap([], {\n        log: false\n      }));\n      return beforeHooksChain().then((beforeStepHookResults) => {\n        return (0, cypress_1.runStepWithLogGroup)({\n          keyword: (0, assertions_1.ensure)(\"keyword\" in scenarioStep && scenarioStep.keyword, \"Expected to find a keyword in the scenario step\"),\n          argument,\n          text,\n          fn: () => {\n            var _a3, _b3;\n            try {\n              return registry2.runStepDefinition(this, text, dryRun, argument);\n            } catch (e) {\n              if (e instanceof registry_1.MissingDefinitionError || e instanceof registry_1.MultipleDefinitionsError) {\n                this.test._retries = this.test._currentRetry;\n              }\n              if (e instanceof registry_1.MissingDefinitionError) {\n                let parameterType = null;\n                if ((_a3 = pickleStep.argument) === null || _a3 === void 0 ? void 0 : _a3.dataTable) {\n                  parameterType = \"dataTable\";\n                } else if ((_b3 = pickleStep.argument) === null || _b3 === void 0 ? void 0 : _b3.docString) {\n                  parameterType = \"docString\";\n                }\n                const snippets = new cucumber_expressions_1.CucumberExpressionGenerator(() => context.registry.parameterTypeRegistry.parameterTypes).generateExpressions(pickleStep.text).map((expression) => (0, snippets_1.generateSnippet)(expression, (0, assertions_1.ensure)(pickleStep.type, \"Expected pickleStep to have a type\"), parameterType));\n                return taskSuggestion(context, {\n                  id: context.newId(),\n                  pickleStepId: pickleStep.id,\n                  snippets: snippets.map((code) => {\n                    return {\n                      language: \"javascript\",\n                      code\n                    };\n                  })\n                }).then(() => {\n                  throw new Error(createMissingStepDefinitionMessage(context, pickleStep, snippets));\n                });\n              } else {\n                throw e;\n              }\n            }\n          }\n        }).then(convertReturnValueToTestStepResultStatus).then((status) => {\n          const testStepResult = {\n            status,\n            duration: (0, messages_1.duration)(start, (0, messages_1.createTimestamp)())\n          };\n          return {\n            beforeStepHookResults,\n            testStepResult\n          };\n        });\n      }).then(({ beforeStepHookResults, testStepResult }) => {\n        return afterStepHooksChain().then((afterStepHookResults) => {\n          return messages.getWorstTestStepResult([\n            ...beforeStepHookResults,\n            testStepResult,\n            ...afterStepHookResults\n          ]);\n        });\n      });\n    }).then((testStepResult) => onAfterStep({ testStepResult, testStepId }));\n  }\n}",
              "err": {},
              "uuid": "fe8034f0-b3ca-44be-ba4f-4a6776d92ae9",
              "parentUUID": "88ddae6f-fa14-4f81-8669-2a5bf7022dbe",
              "isHook": false,
              "skipped": false
            }
          ],
          "suites": [],
          "passes": [
            "251a8b4a-4148-42b1-8b51-9fff19b2235b",
            "4b94ecb6-f2fb-4643-a4d4-9f934e2d07ef",
            "7ac2d01c-be11-4bed-9043-203f0c4afc92",
            "655d54bf-f226-47c2-984a-b9acde7f57a8",
            "ebc5b37a-1dd4-45f3-a288-3b1eea5eac7d",
            "a6109f02-fba3-4c5c-853a-ac28b78da620",
            "fe8034f0-b3ca-44be-ba4f-4a6776d92ae9"
          ],
          "failures": [
            "df4a67c1-6c69-40bf-9b10-e383db3ed06b"
          ],
          "pending": [],
          "skipped": [],
          "duration": 10094,
          "root": false,
          "rootEmpty": false,
          "_timeout": 2000
        }
      ],
      "passes": [],
      "failures": [],
      "pending": [],
      "skipped": [],
      "duration": 0,
      "root": true,
      "rootEmpty": true,
      "_timeout": 2000
    }
  ],
  "meta": {
    "mocha": {
      "version": "7.2.0"
    },
    "mochawesome": {
      "options": {
        "quiet": false,
        "reportFilename": "mochawesome",
        "saveHtml": false,
        "saveJson": true,
        "consoleReporter": "spec",
        "useInlineDiffs": false,
        "code": true
      },
      "version": "7.1.4"
    },
    "marge": {
      "options": {
        "reportDir": "cypress/reports/.jsons",
        "charts": true,
        "reportPageTitle": "QA Playground - Relatório de Testes",
        "embeddedScreenshots": true,
        "inlineAssets": true,
        "saveAllAttempts": false,
        "html": false,
        "json": true,
        "overwrite": false
      },
      "version": "6.3.2"
    }
  }
}