{
  "stats": {
    "suites": 1,
    "tests": 7,
    "passes": 7,
    "pending": 0,
    "failures": 0,
    "start": "2026-04-04T15:49:56.227Z",
    "end": "2026-04-04T15:50:18.097Z",
    "duration": 21870,
    "testsRegistered": 7,
    "passPercent": 100,
    "pendingPercent": 0,
    "other": 0,
    "hasOther": false,
    "skipped": 0,
    "hasSkipped": false
  },
  "results": [
    {
      "uuid": "02f7fb42-f233-476e-a70e-0e792b54313d",
      "title": "",
      "fullFile": "cypress/e2e/features/formulariosSimples.feature",
      "file": "cypress/e2e/features/formulariosSimples.feature",
      "beforeHooks": [],
      "afterHooks": [],
      "tests": [],
      "suites": [
        {
          "uuid": "2645be17-8958-4bf5-b94a-b0fc14189025",
          "title": "QA Playground - Formulários Simples",
          "fullFile": "",
          "file": "",
          "beforeHooks": [],
          "afterHooks": [],
          "tests": [
            {
              "title": "CT-01 - Cadastro realizado com sucesso",
              "fullTitle": "QA Playground - Formulários Simples CT-01 - Cadastro realizado com sucesso",
              "timedOut": null,
              "duration": 3373,
              "state": "passed",
              "speed": "fast",
              "pass": true,
              "fail": false,
              "pending": false,
              "context": null,
              "code": "",
              "err": {},
              "uuid": "1ff01f2a-25ab-46aa-a4cd-a2b60fddb7b3",
              "parentUUID": "2645be17-8958-4bf5-b94a-b0fc14189025",
              "isHook": false,
              "skipped": false
            },
            {
              "title": "CT-02 - Tentativa de cadastro sem aceitar os termos",
              "fullTitle": "QA Playground - Formulários Simples CT-02 - Tentativa de cadastro sem aceitar os termos",
              "timedOut": null,
              "duration": 2988,
              "state": "passed",
              "speed": "fast",
              "pass": true,
              "fail": false,
              "pending": false,
              "context": null,
              "code": "",
              "err": {},
              "uuid": "0d7ab691-378f-40b9-b820-4ec49c5be27d",
              "parentUUID": "2645be17-8958-4bf5-b94a-b0fc14189025",
              "isHook": false,
              "skipped": false
            },
            {
              "title": "CT-03 - Limpar campos do formulário",
              "fullTitle": "QA Playground - Formulários Simples CT-03 - Limpar campos do formulário",
              "timedOut": null,
              "duration": 3070,
              "state": "passed",
              "speed": "fast",
              "pass": true,
              "fail": false,
              "pending": false,
              "context": null,
              "code": "",
              "err": {},
              "uuid": "1b502f07-d5b1-4114-bf08-4d3e3d09c2d4",
              "parentUUID": "2645be17-8958-4bf5-b94a-b0fc14189025",
              "isHook": false,
              "skipped": false
            },
            {
              "title": "CT-04 - Validar obrigatoriedade do campo Nome",
              "fullTitle": "QA Playground - Formulários Simples CT-04 - Validar obrigatoriedade do campo Nome",
              "timedOut": null,
              "duration": 2725,
              "state": "passed",
              "speed": "fast",
              "pass": true,
              "fail": false,
              "pending": false,
              "context": null,
              "code": "",
              "err": {},
              "uuid": "28224b7a-6f6a-4da3-9cf1-d582a7191ddc",
              "parentUUID": "2645be17-8958-4bf5-b94a-b0fc14189025",
              "isHook": false,
              "skipped": false
            },
            {
              "title": "CT-05 - Validar obrigatoriedade do campo Email",
              "fullTitle": "QA Playground - Formulários Simples CT-05 - Validar obrigatoriedade do campo Email",
              "timedOut": null,
              "duration": 2627,
              "state": "passed",
              "speed": "fast",
              "pass": true,
              "fail": false,
              "pending": false,
              "context": null,
              "code": "",
              "err": {},
              "uuid": "c7a3fbc0-6060-44ba-bc0d-5f3500b65fe8",
              "parentUUID": "2645be17-8958-4bf5-b94a-b0fc14189025",
              "isHook": false,
              "skipped": false
            },
            {
              "title": "CT-06 - Validar obrigatoriedade do campo Senha",
              "fullTitle": "QA Playground - Formulários Simples CT-06 - Validar obrigatoriedade do campo Senha",
              "timedOut": null,
              "duration": 2640,
              "state": "passed",
              "speed": "fast",
              "pass": true,
              "fail": false,
              "pending": false,
              "context": null,
              "code": "",
              "err": {},
              "uuid": "6a3f0b59-35a5-46aa-970e-84112b3a7aa3",
              "parentUUID": "2645be17-8958-4bf5-b94a-b0fc14189025",
              "isHook": false,
              "skipped": false
            },
            {
              "title": "CT-07 - Validar erro de confirmação de senha divergente",
              "fullTitle": "QA Playground - Formulários Simples CT-07 - Validar erro de confirmação de senha divergente",
              "timedOut": null,
              "duration": 2427,
              "state": "passed",
              "speed": "fast",
              "pass": true,
              "fail": false,
              "pending": false,
              "context": null,
              "code": "",
              "err": {},
              "uuid": "8ceddd0d-17e9-491d-ad93-55a918fba5a4",
              "parentUUID": "2645be17-8958-4bf5-b94a-b0fc14189025",
              "isHook": false,
              "skipped": false
            }
          ],
          "suites": [],
          "passes": [
            "1ff01f2a-25ab-46aa-a4cd-a2b60fddb7b3",
            "0d7ab691-378f-40b9-b820-4ec49c5be27d",
            "1b502f07-d5b1-4114-bf08-4d3e3d09c2d4",
            "28224b7a-6f6a-4da3-9cf1-d582a7191ddc",
            "c7a3fbc0-6060-44ba-bc0d-5f3500b65fe8",
            "6a3f0b59-35a5-46aa-970e-84112b3a7aa3",
            "8ceddd0d-17e9-491d-ad93-55a918fba5a4"
          ],
          "failures": [],
          "pending": [],
          "skipped": [],
          "duration": 19850,
          "root": false,
          "rootEmpty": false,
          "_timeout": 2000
        }
      ],
      "passes": [],
      "failures": [],
      "pending": [],
      "skipped": [],
      "duration": 0,
      "root": true,
      "rootEmpty": true,
      "_timeout": 2000
    }
  ],
  "meta": {
    "mocha": {
      "version": "7.2.0"
    },
    "mochawesome": {
      "options": {
        "quiet": false,
        "reportFilename": "mochawesome",
        "saveHtml": false,
        "saveJson": true,
        "consoleReporter": "spec",
        "useInlineDiffs": false,
        "code": false
      },
      "version": "7.1.4"
    },
    "marge": {
      "options": {
        "reportDir": "cypress/reports/.jsons",
        "charts": true,
        "reportPageTitle": "QA Playground - Relatório de Testes",
        "embeddedScreenshots": true,
        "inlineAssets": true,
        "saveAllAttempts": false,
        "code": false,
        "overwrite": false,
        "html": false,
        "json": true
      },
      "version": "6.3.2"
    }
  }
}