{
  "stats": {
    "suites": 1,
    "tests": 7,
    "passes": 7,
    "pending": 0,
    "failures": 0,
    "start": "2026-04-05T16:49:37.950Z",
    "end": "2026-04-05T16:50:00.177Z",
    "duration": 22227,
    "testsRegistered": 7,
    "passPercent": 100,
    "pendingPercent": 0,
    "other": 0,
    "hasOther": false,
    "skipped": 0,
    "hasSkipped": false
  },
  "results": [
    {
      "uuid": "06604e51-13c9-4a53-98c9-18fcdf9fd2c0",
      "title": "",
      "fullFile": "cypress/e2e/features/formulariosSimples.feature",
      "file": "cypress/e2e/features/formulariosSimples.feature",
      "beforeHooks": [],
      "afterHooks": [],
      "tests": [],
      "suites": [
        {
          "uuid": "6972422a-b79b-4ad7-b1ed-1b4644b72461",
          "title": "QA Playground - Formulários Simples",
          "fullFile": "",
          "file": "",
          "beforeHooks": [],
          "afterHooks": [],
          "tests": [
            {
              "title": "CT-01 - Cadastro realizado com sucesso",
              "fullTitle": "QA Playground - Formulários Simples CT-01 - Cadastro realizado com sucesso",
              "timedOut": null,
              "duration": 3403,
              "state": "passed",
              "speed": "fast",
              "pass": true,
              "fail": false,
              "pending": false,
              "context": null,
              "code": "",
              "err": {},
              "uuid": "5d2c3c07-14b8-46d5-abcd-741bab2f78cb",
              "parentUUID": "6972422a-b79b-4ad7-b1ed-1b4644b72461",
              "isHook": false,
              "skipped": false
            },
            {
              "title": "CT-02 - Tentativa de cadastro sem aceitar os termos",
              "fullTitle": "QA Playground - Formulários Simples CT-02 - Tentativa de cadastro sem aceitar os termos",
              "timedOut": null,
              "duration": 3077,
              "state": "passed",
              "speed": "fast",
              "pass": true,
              "fail": false,
              "pending": false,
              "context": null,
              "code": "",
              "err": {},
              "uuid": "f203468d-7607-4669-9b23-835a5735e4af",
              "parentUUID": "6972422a-b79b-4ad7-b1ed-1b4644b72461",
              "isHook": false,
              "skipped": false
            },
            {
              "title": "CT-03 - Limpar campos do formulário",
              "fullTitle": "QA Playground - Formulários Simples CT-03 - Limpar campos do formulário",
              "timedOut": null,
              "duration": 3193,
              "state": "passed",
              "speed": "fast",
              "pass": true,
              "fail": false,
              "pending": false,
              "context": null,
              "code": "",
              "err": {},
              "uuid": "be021c8b-889c-444c-b58c-4b4e9e9874bf",
              "parentUUID": "6972422a-b79b-4ad7-b1ed-1b4644b72461",
              "isHook": false,
              "skipped": false
            },
            {
              "title": "CT-04 - Validar obrigatoriedade do campo Nome",
              "fullTitle": "QA Playground - Formulários Simples CT-04 - Validar obrigatoriedade do campo Nome",
              "timedOut": null,
              "duration": 2864,
              "state": "passed",
              "speed": "fast",
              "pass": true,
              "fail": false,
              "pending": false,
              "context": null,
              "code": "",
              "err": {},
              "uuid": "7c6cc1bb-ad90-4d8c-ad08-8c932b1bafd8",
              "parentUUID": "6972422a-b79b-4ad7-b1ed-1b4644b72461",
              "isHook": false,
              "skipped": false
            },
            {
              "title": "CT-05 - Validar obrigatoriedade do campo Email",
              "fullTitle": "QA Playground - Formulários Simples CT-05 - Validar obrigatoriedade do campo Email",
              "timedOut": null,
              "duration": 2719,
              "state": "passed",
              "speed": "fast",
              "pass": true,
              "fail": false,
              "pending": false,
              "context": null,
              "code": "",
              "err": {},
              "uuid": "66c2360b-abd5-475f-b0fb-1d7a89b11406",
              "parentUUID": "6972422a-b79b-4ad7-b1ed-1b4644b72461",
              "isHook": false,
              "skipped": false
            },
            {
              "title": "CT-06 - Validar obrigatoriedade do campo Senha",
              "fullTitle": "QA Playground - Formulários Simples CT-06 - Validar obrigatoriedade do campo Senha",
              "timedOut": null,
              "duration": 2744,
              "state": "passed",
              "speed": "fast",
              "pass": true,
              "fail": false,
              "pending": false,
              "context": null,
              "code": "",
              "err": {},
              "uuid": "d5b3b210-8e61-46e3-9c4c-b7c7e6fa3799",
              "parentUUID": "6972422a-b79b-4ad7-b1ed-1b4644b72461",
              "isHook": false,
              "skipped": false
            },
            {
              "title": "CT-07 - Validar erro de confirmação de senha divergente",
              "fullTitle": "QA Playground - Formulários Simples CT-07 - Validar erro de confirmação de senha divergente",
              "timedOut": null,
              "duration": 2545,
              "state": "passed",
              "speed": "fast",
              "pass": true,
              "fail": false,
              "pending": false,
              "context": null,
              "code": "",
              "err": {},
              "uuid": "f024efb1-01a2-4308-9004-c118e1c6f646",
              "parentUUID": "6972422a-b79b-4ad7-b1ed-1b4644b72461",
              "isHook": false,
              "skipped": false
            }
          ],
          "suites": [],
          "passes": [
            "5d2c3c07-14b8-46d5-abcd-741bab2f78cb",
            "f203468d-7607-4669-9b23-835a5735e4af",
            "be021c8b-889c-444c-b58c-4b4e9e9874bf",
            "7c6cc1bb-ad90-4d8c-ad08-8c932b1bafd8",
            "66c2360b-abd5-475f-b0fb-1d7a89b11406",
            "d5b3b210-8e61-46e3-9c4c-b7c7e6fa3799",
            "f024efb1-01a2-4308-9004-c118e1c6f646"
          ],
          "failures": [],
          "pending": [],
          "skipped": [],
          "duration": 20545,
          "root": false,
          "rootEmpty": false,
          "_timeout": 2000
        }
      ],
      "passes": [],
      "failures": [],
      "pending": [],
      "skipped": [],
      "duration": 0,
      "root": true,
      "rootEmpty": true,
      "_timeout": 2000
    }
  ],
  "meta": {
    "mocha": {
      "version": "7.2.0"
    },
    "mochawesome": {
      "options": {
        "quiet": false,
        "reportFilename": "mochawesome",
        "saveHtml": false,
        "saveJson": true,
        "consoleReporter": "spec",
        "useInlineDiffs": false,
        "code": false
      },
      "version": "7.1.4"
    },
    "marge": {
      "options": {
        "reportDir": "cypress/reports/.jsons",
        "charts": true,
        "reportPageTitle": "QA Playground - Relatório de Testes",
        "embeddedScreenshots": true,
        "inlineAssets": true,
        "saveAllAttempts": false,
        "code": false,
        "overwrite": false,
        "html": false,
        "json": true
      },
      "version": "6.3.2"
    }
  }
}