{
  "stats": {
    "suites": 1,
    "tests": 8,
    "passes": 8,
    "pending": 0,
    "failures": 0,
    "start": "2026-04-01T15:32:41.596Z",
    "end": "2026-04-01T15:32:59.662Z",
    "duration": 18066,
    "testsRegistered": 8,
    "passPercent": 100,
    "pendingPercent": 0,
    "other": 0,
    "hasOther": false,
    "skipped": 0,
    "hasSkipped": false
  },
  "results": [
    {
      "uuid": "6f8acc79-6750-4b21-a0cd-b9ee1d94cc1f",
      "title": "",
      "fullFile": "cypress/e2e/features/elementosBasicos.feature",
      "file": "cypress/e2e/features/elementosBasicos.feature",
      "beforeHooks": [],
      "afterHooks": [],
      "tests": [],
      "suites": [
        {
          "uuid": "9eedaccf-8cdf-4349-b72e-a0ec8ec641d6",
          "title": "QA Playground - Elementos Básicos",
          "fullFile": "",
          "file": "",
          "beforeHooks": [],
          "afterHooks": [],
          "tests": [
            {
              "title": "CT-00 - Validação visualizar página inicial",
              "fullTitle": "QA Playground - Elementos Básicos CT-00 - Validação visualizar página inicial",
              "timedOut": null,
              "duration": 2128,
              "state": "passed",
              "speed": "fast",
              "pass": true,
              "fail": false,
              "pending": false,
              "context": null,
              "code": "",
              "err": {},
              "uuid": "2bca77b0-9d67-4850-ac85-055ead5189e3",
              "parentUUID": "9eedaccf-8cdf-4349-b72e-a0ec8ec641d6",
              "isHook": false,
              "skipped": false
            },
            {
              "title": "CT-01 - Interação com o botão Clique aqui",
              "fullTitle": "QA Playground - Elementos Básicos CT-01 - Interação com o botão Clique aqui",
              "timedOut": null,
              "duration": 1917,
              "state": "passed",
              "speed": "fast",
              "pass": true,
              "fail": false,
              "pending": false,
              "context": null,
              "code": "",
              "err": {},
              "uuid": "5a490675-0377-461e-b1dc-f1628321fb01",
              "parentUUID": "9eedaccf-8cdf-4349-b72e-a0ec8ec641d6",
              "isHook": false,
              "skipped": false
            },
            {
              "title": "CT-02 - Interação com o botão Duplo Clique",
              "fullTitle": "QA Playground - Elementos Básicos CT-02 - Interação com o botão Duplo Clique",
              "timedOut": null,
              "duration": 1895,
              "state": "passed",
              "speed": "fast",
              "pass": true,
              "fail": false,
              "pending": false,
              "context": null,
              "code": "",
              "err": {},
              "uuid": "38f34067-53ef-42fa-bbdd-e2d315dcd758",
              "parentUUID": "9eedaccf-8cdf-4349-b72e-a0ec8ec641d6",
              "isHook": false,
              "skipped": false
            },
            {
              "title": "CT-03 - Interação com o campo de texto",
              "fullTitle": "QA Playground - Elementos Básicos CT-03 - Interação com o campo de texto",
              "timedOut": null,
              "duration": 2095,
              "state": "passed",
              "speed": "fast",
              "pass": true,
              "fail": false,
              "pending": false,
              "context": null,
              "code": "",
              "err": {},
              "uuid": "a9ec6886-cbd8-41a9-950c-92c31ef1c4f3",
              "parentUUID": "9eedaccf-8cdf-4349-b72e-a0ec8ec641d6",
              "isHook": false,
              "skipped": false
            },
            {
              "title": "CT-04 - Interação com o dropdown customizado",
              "fullTitle": "QA Playground - Elementos Básicos CT-04 - Interação com o dropdown customizado",
              "timedOut": null,
              "duration": 2038,
              "state": "passed",
              "speed": "fast",
              "pass": true,
              "fail": false,
              "pending": false,
              "context": null,
              "code": "",
              "err": {},
              "uuid": "616dcbcf-bb14-448f-a074-84959add3a08",
              "parentUUID": "9eedaccf-8cdf-4349-b72e-a0ec8ec641d6",
              "isHook": false,
              "skipped": false
            },
            {
              "title": "CT-05 - Interação com o slider de intervalo",
              "fullTitle": "QA Playground - Elementos Básicos CT-05 - Interação com o slider de intervalo",
              "timedOut": null,
              "duration": 1855,
              "state": "passed",
              "speed": "fast",
              "pass": true,
              "fail": false,
              "pending": false,
              "context": null,
              "code": "",
              "err": {},
              "uuid": "0fd5de5c-a2b4-41ee-a6e6-b6db0eec339b",
              "parentUUID": "9eedaccf-8cdf-4349-b72e-a0ec8ec641d6",
              "isHook": false,
              "skipped": false
            },
            {
              "title": "CT-06 - Interação com o interruptor (switch) ativado",
              "fullTitle": "QA Playground - Elementos Básicos CT-06 - Interação com o interruptor (switch) ativado",
              "timedOut": null,
              "duration": 1898,
              "state": "passed",
              "speed": "fast",
              "pass": true,
              "fail": false,
              "pending": false,
              "context": null,
              "code": "",
              "err": {},
              "uuid": "4f7a074a-2a39-4991-8dd1-149ce30d0b7d",
              "parentUUID": "9eedaccf-8cdf-4349-b72e-a0ec8ec641d6",
              "isHook": false,
              "skipped": false
            },
            {
              "title": "CT-07 - Interação com o interruptor (switch) desativado",
              "fullTitle": "QA Playground - Elementos Básicos CT-07 - Interação com o interruptor (switch) desativado",
              "timedOut": null,
              "duration": 1981,
              "state": "passed",
              "speed": "fast",
              "pass": true,
              "fail": false,
              "pending": false,
              "context": null,
              "code": "",
              "err": {},
              "uuid": "5b3af555-b398-4f53-acdf-786902b5f415",
              "parentUUID": "9eedaccf-8cdf-4349-b72e-a0ec8ec641d6",
              "isHook": false,
              "skipped": false
            }
          ],
          "suites": [],
          "passes": [
            "2bca77b0-9d67-4850-ac85-055ead5189e3",
            "5a490675-0377-461e-b1dc-f1628321fb01",
            "38f34067-53ef-42fa-bbdd-e2d315dcd758",
            "a9ec6886-cbd8-41a9-950c-92c31ef1c4f3",
            "616dcbcf-bb14-448f-a074-84959add3a08",
            "0fd5de5c-a2b4-41ee-a6e6-b6db0eec339b",
            "4f7a074a-2a39-4991-8dd1-149ce30d0b7d",
            "5b3af555-b398-4f53-acdf-786902b5f415"
          ],
          "failures": [],
          "pending": [],
          "skipped": [],
          "duration": 15807,
          "root": false,
          "rootEmpty": false,
          "_timeout": 2000
        }
      ],
      "passes": [],
      "failures": [],
      "pending": [],
      "skipped": [],
      "duration": 0,
      "root": true,
      "rootEmpty": true,
      "_timeout": 2000
    }
  ],
  "meta": {
    "mocha": {
      "version": "7.2.0"
    },
    "mochawesome": {
      "options": {
        "quiet": false,
        "reportFilename": "mochawesome",
        "saveHtml": false,
        "saveJson": true,
        "consoleReporter": "spec",
        "useInlineDiffs": false,
        "code": false
      },
      "version": "7.1.4"
    },
    "marge": {
      "options": {
        "reportDir": "cypress/reports/.jsons",
        "charts": true,
        "reportPageTitle": "QA Playground - Relatório de Testes",
        "embeddedScreenshots": true,
        "inlineAssets": true,
        "saveAllAttempts": false,
        "code": false,
        "overwrite": false,
        "html": false,
        "json": true
      },
      "version": "6.3.2"
    }
  }
}